#
# There is insufficient memory for the Java Runtime Environment to continue.
# Native memory allocation (malloc) failed to allocate 312832 bytes for Chunk::new
# Possible reasons:
#   The system is out of physical RAM or swap space
#   In 32 bit mode, the process size limit was hit
# Possible solutions:
#   Reduce memory load on the system
#   Increase physical memory or swap space
#   Check if swap backing store is full
#   Use 64 bit Java on a 64 bit OS
#   Decrease Java heap size (-Xmx/-Xms)
#   Decrease number of Java threads
#   Decrease Java thread stack sizes (-Xss)
#   Set larger code cache with -XX:ReservedCodeCacheSize=
# This output file may be truncated or incomplete.
#
#  Out of Memory Error (allocation.cpp:390), pid=29560, tid=0x00000000000049ac
#
# JRE version: OpenJDK Runtime Environment (8.0_76-b03) (build 1.8.0_76-release-b03)
# Java VM: OpenJDK 64-Bit Server VM (25.76-b03 mixed mode windows-amd64 compressed oops)
# Failed to write core dump. Minidumps are not enabled by default on client versions of Windows
#

---------------  T H R E A D  ---------------

Current thread (0x000000000279a000):  JavaThread "C2 CompilerThread1" daemon [_thread_in_native, id=18860, stack(0x0000000016d00000,0x0000000016e00000)]

Stack: [0x0000000016d00000,0x0000000016e00000]
[error occurred during error reporting (printing stack bounds), id 0xc0000005]

Native frames: (J=compiled Java code, j=interpreted, Vv=VM code, C=native code)


Current CompileTask:
C2:   1260 1287       4       com.android.dx.ssa.SCCP::simulateStmt (481 bytes)


---------------  P R O C E S S  ---------------

Java Threads: ( => current thread )
  0x00000000168d0000 JavaThread "pool-2-thread-4" [_thread_blocked, id=3608, stack(0x0000000017e00000,0x0000000017f00000)]
  0x00000000168cf000 JavaThread "pool-2-thread-3" [_thread_in_Java, id=1588, stack(0x0000000017d00000,0x0000000017e00000)]
  0x00000000168ce800 JavaThread "pool-2-thread-2" [_thread_in_Java, id=16068, stack(0x0000000017c00000,0x0000000017d00000)]
  0x00000000169f7800 JavaThread "pool-3-thread-1" [_thread_blocked, id=31192, stack(0x0000000017b00000,0x0000000017c00000)]
  0x00000000169f6800 JavaThread "pool-2-thread-1" [_thread_in_Java, id=25144, stack(0x0000000017a00000,0x0000000017b00000)]
  0x0000000016666800 JavaThread "Service Thread" daemon [_thread_blocked, id=19440, stack(0x0000000017000000,0x0000000017100000)]
  0x00000000152fe800 JavaThread "C1 CompilerThread2" daemon [_thread_in_native, id=11588, stack(0x0000000016f00000,0x0000000017000000)]
=>0x000000000279a000 JavaThread "C2 CompilerThread1" daemon [_thread_in_native, id=18860, stack(0x0000000016d00000,0x0000000016e00000)]
  0x00000000152f4000 JavaThread "C2 CompilerThread0" daemon [_thread_in_native, id=34168, stack(0x0000000016c00000,0x0000000016d00000)]
  0x00000000152f3800 JavaThread "Attach Listener" daemon [_thread_blocked, id=14208, stack(0x0000000016b00000,0x0000000016c00000)]
  0x00000000152b0800 JavaThread "Signal Dispatcher" daemon [_thread_blocked, id=25780, stack(0x0000000016a00000,0x0000000016b00000)]
  0x0000000015288000 JavaThread "Finalizer" daemon [_thread_blocked, id=28816, stack(0x0000000016500000,0x0000000016600000)]
  0x000000000278f000 JavaThread "Reference Handler" daemon [_thread_blocked, id=32544, stack(0x0000000016400000,0x0000000016500000)]
  0x00000000026a0800 JavaThread "main" [_thread_in_Java, id=33620, stack(0x0000000002940000,0x0000000002a40000)]

Other Threads:
  0x0000000015264800 VMThread [stack: 0x0000000016300000,0x0000000016400000] [id=25256]
  0x000000001665b000 WatcherThread [stack: 0x0000000017100000,0x0000000017200000] [id=27196]

VM state:not at safepoint (normal execution)

VM Mutex/Monitor currently owned by a thread: None

Heap:
 PSYoungGen      total 38400K, used 9124K [0x00000000eab00000, 0x00000000ed580000, 0x0000000100000000)
  eden space 33280K, 12% used [0x00000000eab00000,0x00000000eaeef238,0x00000000ecb80000)
  from space 5120K, 99% used [0x00000000ed080000,0x00000000ed57a188,0x00000000ed580000)
  to   space 5120K, 0% used [0x00000000ecb80000,0x00000000ecb80000,0x00000000ed080000)
 ParOldGen       total 87552K, used 3298K [0x00000000c0000000, 0x00000000c5580000, 0x00000000eab00000)
  object space 87552K, 3% used [0x00000000c0000000,0x00000000c0338ae8,0x00000000c5580000)
 Metaspace       used 6119K, capacity 7024K, committed 7296K, reserved 1056768K
  class space    used 582K, capacity 616K, committed 640K, reserved 1048576K

Card table byte_map: [0x0000000011f90000,0x00000000121a0000] byte_map_base: 0x0000000011990000

Marking Bits: (ParMarkBitMap*) 0x0000000065459d00
 Begin Bits: [0x0000000012700000, 0x0000000013700000)
 End Bits:   [0x0000000013700000, 0x0000000014700000)

Polling page: 0x0000000002320000

CodeCache: size=245760Kb used=5578Kb max_used=5586Kb free=240181Kb
 bounds [0x0000000002bd0000, 0x0000000003150000, 0x0000000011bd0000]
 total_blobs=1639 nmethods=1369 adapters=184
 compilation: enabled

Compilation events (10 events):
Event: 1.230 Thread 0x00000000152fe800 1347       3       com.android.dx.rop.cst.TypedConstant::getFrameType (2 bytes)
Event: 1.230 Thread 0x00000000152fe800 nmethod 1347 0x000000000313a650 code [0x000000000313a7a0, 0x000000000313a8f0]
Event: 1.230 Thread 0x00000000152fe800 1337       3       com.android.dx.ssa.NormalSsaInsn::isMoveException (20 bytes)
Event: 1.230 Thread 0x00000000152fe800 nmethod 1337 0x000000000313a990 code [0x000000000313ab00, 0x000000000313adf0]
Event: 1.230 Thread 0x00000000152fe800 1349       3       com.android.dx.rop.cst.CstFieldRef::<init> (7 bytes)
Event: 1.230 Thread 0x00000000152fe800 nmethod 1349 0x000000000313aed0 code [0x000000000313b040, 0x000000000313b1c8]
Event: 1.230 Thread 0x00000000152fe800 1369       3       com.android.dx.ssa.ConstCollector::updateConstUses (248 bytes)
Event: 1.230 Thread 0x00000000152f4000 nmethod 1304 0x000000000313b250 code [0x000000000313b400, 0x000000000313be18]
Event: 1.231 Thread 0x00000000152f4000 1341       4       com.android.dx.ssa.SsaBasicBlock::forEachPhiInsn (54 bytes)
Event: 1.232 Thread 0x00000000152fe800 nmethod 1369 0x000000000313c790 code [0x000000000313cb60, 0x000000000313f158]

GC Heap History (2 events):
Event: 0.973 GC heap before
{Heap before GC invocations=1 (full 0):
 PSYoungGen      total 38400K, used 33280K [0x00000000eab00000, 0x00000000ed580000, 0x0000000100000000)
  eden space 33280K, 100% used [0x00000000eab00000,0x00000000ecb80000,0x00000000ecb80000)
  from space 5120K, 0% used [0x00000000ed080000,0x00000000ed080000,0x00000000ed580000)
  to   space 5120K, 0% used [0x00000000ecb80000,0x00000000ecb80000,0x00000000ed080000)
 ParOldGen       total 87552K, used 0K [0x00000000c0000000, 0x00000000c5580000, 0x00000000eab00000)
  object space 87552K, 0% used [0x00000000c0000000,0x00000000c0000000,0x00000000c5580000)
 Metaspace       used 5837K, capacity 6768K, committed 7040K, reserved 1056768K
  class space    used 580K, capacity 616K, committed 640K, reserved 1048576K
Event: 0.978 GC heap after
Heap after GC invocations=1 (full 0):
 PSYoungGen      total 38400K, used 4703K [0x00000000eab00000, 0x00000000ed580000, 0x0000000100000000)
  eden space 33280K, 0% used [0x00000000eab00000,0x00000000eab00000,0x00000000ecb80000)
  from space 5120K, 91% used [0x00000000ecb80000,0x00000000ed017f38,0x00000000ed080000)
  to   space 5120K, 0% used [0x00000000ed080000,0x00000000ed080000,0x00000000ed580000)
 ParOldGen       total 87552K, used 8K [0x00000000c0000000, 0x00000000c5580000, 0x00000000eab00000)
  object space 87552K, 0% used [0x00000000c0000000,0x00000000c0002000,0x00000000c5580000)
 Metaspace       used 5837K, capacity 6768K, committed 7040K, reserved 1056768K
  class space    used 580K, capacity 616K, committed 640K, reserved 1048576K
}

Deoptimization events (7 events):
Event: 0.708 Thread 0x00000000026a0800 Uncommon trap: reason=unstable_if action=reinterpret pc=0x0000000002d28e14 method=java.lang.String.compareTo(Ljava/lang/String;)I @ 38
Event: 0.879 Thread 0x00000000169f6800 Uncommon trap: reason=unstable_if action=reinterpret pc=0x0000000002deb940 method=java.util.HashMap.getNode(ILjava/lang/Object;)Ljava/util/HashMap$Node; @ 62
Event: 0.991 Thread 0x00000000168ce800 Uncommon trap: reason=unstable_if action=reinterpret pc=0x0000000002e05d30 method=java.util.BitSet.nextSetBit(I)I @ 87
Event: 1.017 Thread 0x00000000168ce800 Uncommon trap: reason=class_check action=maybe_recompile pc=0x0000000002ebd028 method=com.android.dx.rop.type.Type.equals(Ljava/lang/Object;)Z @ 8
Event: 1.017 Thread 0x00000000168ce800 Uncommon trap: reason=null_check action=make_not_entrant pc=0x0000000002ebd038 method=com.android.dx.rop.type.Type.equals(Ljava/lang/Object;)Z @ 8
Event: 1.099 Thread 0x00000000168ce800 Uncommon trap: reason=unstable_if action=reinterpret pc=0x0000000002f8d678 method=com.android.dx.cf.code.Ropper.labelToResultIndex(I)I @ 34
Event: 1.191 Thread 0x00000000026a0800 Uncommon trap: reason=unloaded action=reinterpret pc=0x0000000002fc79d4 method=com.android.dx.cf.cst.ConstantPoolParser.parse0(ILjava/util/BitSet;)Lcom/android/dx/rop/cst/Constant; @ 198

Internal exceptions (3 events):
Event: 0.428 Thread 0x00000000026a0800 Exception <a 'java/lang/NoSuchMethodError': Method sun.misc.Unsafe.defineClass(Ljava/lang/String;[BII)Ljava/lang/Class; name or signature does not match> (0x00000000eab07cc0) thrown at [C:\src\android\AOSP-openjdk\external\jetbrains\jdk\hotspot\src\share\vX5¹¶{jÛ?
Event: 0.428 Thread 0x00000000026a0800 Exception <a 'java/lang/NoSuchMethodError': Method sun.misc.Unsafe.prefetchRead(Ljava/lang/Object;J)V name or signature does not match> (0x00000000eab07fa8) thrown at [C:\src\android\AOSP-openjdk\external\jetbrains\jdk\hotspot\src\share\vm\prims\jni.cpp, lÂÑh…üFð?
Event: 1.017 Thread 0x00000000168ce800 Implicit null exception at 0x0000000002ebcf22 to 0x0000000002ebd029

Events (10 events):
Event: 1.099 loading class java/util/HashMap$ValueIterator
Event: 1.099 loading class java/util/HashMap$ValueIterator done
Event: 1.099 Thread 0x00000000168ce800 Uncommon trap: trap_request=0xffffff65 fr.pc=0x0000000002f8d678
Event: 1.099 Thread 0x00000000168ce800 DEOPT PACKING pc=0x0000000002f8d678 sp=0x0000000017cfed80
Event: 1.099 Thread 0x00000000168ce800 DEOPT UNPACKING pc=0x0000000002c1556a sp=0x0000000017cfed28 mode 2
Event: 1.191 Thread 0x00000000026a0800 Uncommon trap: trap_request=0x000000d2 fr.pc=0x0000000002fc79d4
Event: 1.191 Thread 0x00000000026a0800 DEOPT PACKING pc=0x0000000002fc79d4 sp=0x0000000002a3e9b0
Event: 1.191 Thread 0x00000000026a0800 DEOPT UNPACKING pc=0x0000000002c1556a sp=0x0000000002a3e978 mode 2
Event: 1.201 Executing VM operation: ForceSafepoint
Event: 1.212 Executing VM operation: ForceSafepoint done


Dynamic libraries:
0x00007ff7f4270000 - 0x00007ff7f42a1000 	F:\Android studio\jre\bin\java.exe
0x00007ffefd110000 - 0x00007ffefd2eb000 	C:\WINDOWS\SYSTEM32\ntdll.dll
0x00007ffefaf50000 - 0x00007ffefaffe000 	C:\WINDOWS\System32\KERNEL32.DLL
0x00007ffefa420000 - 0x00007ffefa669000 	C:\WINDOWS\System32\KERNELBASE.dll
0x00007ffefa6d0000 - 0x00007ffefa771000 	C:\WINDOWS\System32\ADVAPI32.dll
0x00007ffefa9e0000 - 0x00007ffefaa7d000 	C:\WINDOWS\System32\msvcrt.dll
0x00007ffefc940000 - 0x00007ffefc999000 	C:\WINDOWS\System32\sechost.dll
0x00007ffefced0000 - 0x00007ffefcff5000 	C:\WINDOWS\System32\RPCRT4.dll
0x00007ffefcca0000 - 0x00007ffefcdea000 	C:\WINDOWS\System32\USER32.dll
0x00007ffef9780000 - 0x00007ffef979e000 	C:\WINDOWS\System32\win32u.dll
0x00007ffefb000000 - 0x00007ffefb027000 	C:\WINDOWS\System32\GDI32.dll
0x00007ffefa290000 - 0x00007ffefa418000 	C:\WINDOWS\System32\gdi32full.dll
0x00007ffef9f50000 - 0x00007ffef9fea000 	C:\WINDOWS\System32\msvcp_win.dll
0x00007ffef9630000 - 0x00007ffef9726000 	C:\WINDOWS\System32\ucrtbase.dll
0x00007ffee6d10000 - 0x00007ffee6f77000 	C:\WINDOWS\WinSxS\amd64_microsoft.windows.common-controls_6595b64144ccf1df_6.0.15063.0_none_108e4f62dfe5d999\COMCTL32.dll
0x00007ffefc9a0000 - 0x00007ffefcc99000 	C:\WINDOWS\System32\combase.dll
0x00007ffefa220000 - 0x00007ffefa28a000 	C:\WINDOWS\System32\bcryptPrimitives.dll
0x00007ffefcea0000 - 0x00007ffefcecd000 	C:\WINDOWS\System32\IMM32.DLL
0x00007ffee0480000 - 0x00007ffee04f4000 	C:\Program Files\BLDBaseService\BLDBaseService64.dll
0x00007ffefb290000 - 0x00007ffefc6c7000 	C:\WINDOWS\System32\SHELL32.dll
0x00007ffef9730000 - 0x00007ffef9779000 	C:\WINDOWS\System32\cfgmgr32.dll
0x00007ffefcdf0000 - 0x00007ffefce9a000 	C:\WINDOWS\System32\shcore.dll
0x00007ffef97a0000 - 0x00007ffef9e92000 	C:\WINDOWS\System32\windows.storage.dll
0x00007ffefa670000 - 0x00007ffefa6c1000 	C:\WINDOWS\System32\shlwapi.dll
0x00007ffef9580000 - 0x00007ffef9591000 	C:\WINDOWS\System32\kernel.appcore.dll
0x00007ffef95c0000 - 0x00007ffef960c000 	C:\WINDOWS\System32\powrprof.dll
0x00007ffef95a0000 - 0x00007ffef95b5000 	C:\WINDOWS\System32\profapi.dll
0x00007ffefb030000 - 0x00007ffefb175000 	C:\WINDOWS\System32\ole32.dll
0x00007ffefa920000 - 0x00007ffefa9e0000 	C:\WINDOWS\System32\OLEAUT32.dll
0x00007ffefaee0000 - 0x00007ffefaf4c000 	C:\WINDOWS\System32\WS2_32.dll
0x00007ffef0190000 - 0x00007ffef04be000 	C:\WINDOWS\SYSTEM32\WININET.dll
0x00007ffef8c30000 - 0x00007ffef8c67000 	C:\WINDOWS\SYSTEM32\IPHLPAPI.DLL
0x00007ffeef020000 - 0x00007ffeef1e8000 	C:\WINDOWS\SYSTEM32\urlmon.dll
0x00007ffeed7d0000 - 0x00007ffeed7e7000 	C:\WINDOWS\SYSTEM32\NETAPI32.dll
0x00007ffeeed90000 - 0x00007ffeef016000 	C:\WINDOWS\SYSTEM32\iertutil.dll
0x00007ffef9050000 - 0x00007ffef905b000 	C:\WINDOWS\SYSTEM32\CRYPTBASE.DLL
0x00007ffee0300000 - 0x00007ffee044a000 	C:\Program Files (x86)\HomeSafe\homesafe64.dll
0x0000000064bc0000 - 0x0000000064c92000 	F:\Android studio\jre\jre\bin\msvcr100.dll
0x0000000064ca0000 - 0x00000000654d4000 	F:\Android studio\jre\jre\bin\server\jvm.dll
0x00007ffefd060000 - 0x00007ffefd068000 	C:\WINDOWS\System32\PSAPI.DLL
0x00007ffeed860000 - 0x00007ffeed869000 	C:\WINDOWS\SYSTEM32\WSOCK32.dll
0x00007ffef3110000 - 0x00007ffef3133000 	C:\WINDOWS\SYSTEM32\WINMM.dll
0x00007ffeeff80000 - 0x00007ffeeff8a000 	C:\WINDOWS\SYSTEM32\VERSION.dll
0x00007ffef2f80000 - 0x00007ffef2fab000 	C:\WINDOWS\SYSTEM32\WINMMBASE.dll
0x00007ffee4b20000 - 0x00007ffee4b2f000 	F:\Android studio\jre\jre\bin\verify.dll
0x00007ffee2a60000 - 0x00007ffee2a89000 	F:\Android studio\jre\jre\bin\java.dll
0x00007ffee2a40000 - 0x00007ffee2a56000 	F:\Android studio\jre\jre\bin\zip.dll

VM Arguments:
jvm_args: -Djava.awt.headless=true -Xmx1024M -Dfile.encoding=GBK -Duser.country=CN -Duser.language=zh -Duser.variant 
java_command: com.android.dx.command.Main --dex --verbose --force-jumbo --num-threads=4 --multi-dex --output E:\test\TextInputLayout-master\app\build\intermediates\transforms\dex\debug\folders\1000\10\com.android.support-support-v4-24.0.0_aaea42a528de164a9d26f8a1242ec0f29c7c322c E:\test\TextInputLayout-master\app\build\intermediates\exploded-aar\com.android.support\support-v4\24.0.0\jars\classes.jar
java_class_path (initial): F:\SDK\SDK4_2\sdk\build-tools\24.0.0\lib\dx.jar
Launcher Type: SUN_STANDARD

Environment Variables:
JAVA_HOME=F:\Java\jdk1.8.0_40
CLASSPATH=.;F:\Java\jdk1.8.0_40\lib;F:\Java\jdk1.8.0_40\lib\tools.jar
PATH=C:\WINDOWS\system32;C:\WINDOWS;C:\WINDOWS\System32\Wbem;C:\WINDOWS\System32\WindowsPowerShell\v1.0\;C:\Program Files\Intel\WiFi\bin\;C:\Program Files\Common Files\Intel\WirelessCommon\;F:\Java\jdk1.8.0_40\bin;F:\Java\jdk1.8.0_40\jre\bin;F:\SDK\SDK4_2\sdk\tools;F:\SDK\SDK4_2\sdk\platform-tools;D:\SVN\bin;C:\Program Files\Intel\WiFi\bin\;C:\Program Files\Common Files\Intel\WirelessCommon\;%USERPROFILE%\AppData\Local\Microsoft\WindowsApps;
USERNAME=jin
OS=Windows_NT
PROCESSOR_IDENTIFIER=Intel64 Family 6 Model 94 Stepping 3, GenuineIntel



---------------  S Y S T E M  ---------------

OS: Windows 10.0 , 64 bit Build 15063 (10.0.15063.296)

CPU:total 4 (4 cores per cpu, 1 threads per core) family 6 model 94 stepping 3, cmov, cx8, fxsr, mmx, sse, sse2, sse3, ssse3, sse4.1, sse4.2, popcnt, avx, avx2, aes, clmul, erms, rtm, 3dnowpref, lzcnt, tsc, tscinvbit, bmi1, bmi2, adx

Memory: 4k page, physical 8295284k(551356k free), swap 14849136k(5168k free)

vm_info: OpenJDK 64-Bit Server VM (25.76-b03) for windows-amd64 JRE (1.8.0_76-release-b03), built on Jun 29 2016 19:09:20 by "ralucas" with MS VC++ 10.0 (VS2010)

time: Fri Jun 16 20:18:36 2017
elapsed time: 1 seconds (0d 0h 0m 1s)

