#
# There is insufficient memory for the Java Runtime Environment to continue.
# Native memory allocation (malloc) failed to allocate 661216 bytes for Chunk::new
# Possible reasons:
#   The system is out of physical RAM or swap space
#   In 32 bit mode, the process size limit was hit
# Possible solutions:
#   Reduce memory load on the system
#   Increase physical memory or swap space
#   Check if swap backing store is full
#   Use 64 bit Java on a 64 bit OS
#   Decrease Java heap size (-Xmx/-Xms)
#   Decrease number of Java threads
#   Decrease Java thread stack sizes (-Xss)
#   Set larger code cache with -XX:ReservedCodeCacheSize=
# This output file may be truncated or incomplete.
#
#  Out of Memory Error (allocation.cpp:390), pid=22728, tid=0x0000000000008d54
#
# JRE version: OpenJDK Runtime Environment (8.0_76-b03) (build 1.8.0_76-release-b03)
# Java VM: OpenJDK 64-Bit Server VM (25.76-b03 mixed mode windows-amd64 compressed oops)
# Failed to write core dump. Minidumps are not enabled by default on client versions of Windows
#

---------------  T H R E A D  ---------------

Current thread (0x000000001591d000):  JavaThread "C2 CompilerThread0" daemon [_thread_in_native, id=36180, stack(0x0000000016e30000,0x0000000016f30000)]

Stack: [0x0000000016e30000,0x0000000016f30000]
[error occurred during error reporting (printing stack bounds), id 0xc0000005]

Native frames: (J=compiled Java code, j=interpreted, Vv=VM code, C=native code)


Current CompileTask:
C2:   1267 1256       4       com.android.dx.dex.code.OutputFinisher::addConstants (93 bytes)


---------------  P R O C E S S  ---------------

Java Threads: ( => current thread )
  0x00000000170a3000 JavaThread "pool-1-thread-1" [_thread_in_Java, id=24400, stack(0x0000000019500000,0x0000000019600000)]
  0x0000000016f8e800 JavaThread "Service Thread" daemon [_thread_blocked, id=23728, stack(0x0000000017530000,0x0000000017630000)]
  0x0000000016f89000 JavaThread "C1 CompilerThread2" daemon [_thread_in_vm, id=36720, stack(0x0000000017430000,0x0000000017530000)]
  0x0000000016f86000 JavaThread "C2 CompilerThread1" daemon [_thread_in_native, id=19104, stack(0x0000000017330000,0x0000000017430000)]
=>0x000000001591d000 JavaThread "C2 CompilerThread0" daemon [_thread_in_native, id=36180, stack(0x0000000016e30000,0x0000000016f30000)]
  0x000000001591b800 JavaThread "Attach Listener" daemon [_thread_blocked, id=9088, stack(0x0000000016d30000,0x0000000016e30000)]
  0x00000000158d0800 JavaThread "Signal Dispatcher" daemon [_thread_blocked, id=39696, stack(0x0000000016c30000,0x0000000016d30000)]
  0x00000000158a8800 JavaThread "Finalizer" daemon [_thread_blocked, id=6724, stack(0x0000000016b30000,0x0000000016c30000)]
  0x0000000002d6f000 JavaThread "Reference Handler" daemon [_thread_blocked, id=21072, stack(0x0000000016a30000,0x0000000016b30000)]
  0x0000000002c80800 JavaThread "main" [_thread_blocked, id=27624, stack(0x0000000002ff0000,0x00000000030f0000)]

Other Threads:
  0x0000000015885000 VMThread [stack: 0x0000000016930000,0x0000000016a30000] [id=38500]
  0x0000000016f8f800 WatcherThread [stack: 0x0000000017630000,0x0000000017730000] [id=32448]

VM state:not at safepoint (normal execution)

VM Mutex/Monitor currently owned by a thread: None

Heap:
 PSYoungGen      total 38400K, used 10912K [0x00000000eab00000, 0x00000000ed580000, 0x0000000100000000)
  eden space 33280K, 17% used [0x00000000eab00000,0x00000000eb0ae390,0x00000000ecb80000)
  from space 5120K, 99% used [0x00000000ecb80000,0x00000000ed07a068,0x00000000ed080000)
  to   space 5120K, 0% used [0x00000000ed080000,0x00000000ed080000,0x00000000ed580000)
 ParOldGen       total 87552K, used 2052K [0x00000000c0000000, 0x00000000c5580000, 0x00000000eab00000)
  object space 87552K, 2% used [0x00000000c0000000,0x00000000c0201020,0x00000000c5580000)
 Metaspace       used 6197K, capacity 7088K, committed 7296K, reserved 1056768K
  class space    used 599K, capacity 616K, committed 640K, reserved 1048576K

Card table byte_map: [0x00000000125b0000,0x00000000127c0000] byte_map_base: 0x0000000011fb0000

Marking Bits: (ParMarkBitMap*) 0x0000000065459d00
 Begin Bits: [0x0000000012d20000, 0x0000000013d20000)
 End Bits:   [0x0000000013d20000, 0x0000000014d20000)

Polling page: 0x0000000002850000

CodeCache: size=245760Kb used=5335Kb max_used=5335Kb free=240424Kb
 bounds [0x00000000031f0000, 0x0000000003730000, 0x00000000121f0000]
 total_blobs=1656 nmethods=1386 adapters=184
 compilation: enabled

Compilation events (10 events):
Event: 1.263 Thread 0x0000000016f89000 nmethod 1390 0x0000000003720390 code [0x00000000037204e0, 0x0000000003720610]
Event: 1.263 Thread 0x0000000016f89000 1391       3       com.android.dx.dex.code.form.Form22c::isCompatible (99 bytes)
Event: 1.263 Thread 0x0000000016f89000 nmethod 1391 0x0000000003720690 code [0x00000000037208a0, 0x0000000003721ac8]
Event: 1.263 Thread 0x0000000016f89000 1392   !   3       com.android.dx.dex.code.LocalList$Entry::<init> (91 bytes)
Event: 1.264 Thread 0x0000000016f89000 nmethod 1392 0x0000000003721ed0 code [0x00000000037220c0, 0x00000000037228f8]
Event: 1.265 Thread 0x0000000016f89000 1393       1       com.android.dx.dex.file.Section::getFile (5 bytes)
Event: 1.265 Thread 0x0000000016f89000 nmethod 1393 0x0000000003722d10 code [0x0000000003722e60, 0x0000000003722f70]
Event: 1.265 Thread 0x0000000016f89000 1394       3       com.android.dx.dex.code.OutputFinisher::align64bits (247 bytes)
Event: 1.266 Thread 0x0000000016f89000 nmethod 1394 0x0000000003722fd0 code [0x00000000037232a0, 0x0000000003724af8]
Event: 1.266 Thread 0x0000000016f89000 1395       3       com.android.dx.dex.code.DalvInsnList::makeImmutable (51 bytes)

GC Heap History (2 events):
Event: 1.097 GC heap before
{Heap before GC invocations=1 (full 0):
 PSYoungGen      total 38400K, used 33280K [0x00000000eab00000, 0x00000000ed580000, 0x0000000100000000)
  eden space 33280K, 100% used [0x00000000eab00000,0x00000000ecb80000,0x00000000ecb80000)
  from space 5120K, 0% used [0x00000000ed080000,0x00000000ed080000,0x00000000ed580000)
  to   space 5120K, 0% used [0x00000000ecb80000,0x00000000ecb80000,0x00000000ed080000)
 ParOldGen       total 87552K, used 0K [0x00000000c0000000, 0x00000000c5580000, 0x00000000eab00000)
  object space 87552K, 0% used [0x00000000c0000000,0x00000000c0000000,0x00000000c5580000)
 Metaspace       used 5946K, capacity 6896K, committed 7040K, reserved 1056768K
  class space    used 583K, capacity 616K, committed 640K, reserved 1048576K
Event: 1.106 GC heap after
Heap after GC invocations=1 (full 0):
 PSYoungGen      total 38400K, used 5096K [0x00000000eab00000, 0x00000000ed580000, 0x0000000100000000)
  eden space 33280K, 0% used [0x00000000eab00000,0x00000000eab00000,0x00000000ecb80000)
  from space 5120K, 99% used [0x00000000ecb80000,0x00000000ed07a068,0x00000000ed080000)
  to   space 5120K, 0% used [0x00000000ed080000,0x00000000ed080000,0x00000000ed580000)
 ParOldGen       total 87552K, used 2052K [0x00000000c0000000, 0x00000000c5580000, 0x00000000eab00000)
  object space 87552K, 2% used [0x00000000c0000000,0x00000000c0201020,0x00000000c5580000)
 Metaspace       used 5946K, capacity 6896K, committed 7040K, reserved 1056768K
  class space    used 583K, capacity 616K, committed 640K, reserved 1048576K
}

Deoptimization events (10 events):
Event: 1.088 Thread 0x00000000170a2000 Uncommon trap: reason=unstable_if action=reinterpret pc=0x00000000035975ac method=com.android.dx.rop.code.RegisterSpecSet.put(Lcom/android/dx/rop/code/RegisterSpec;)V @ 77
Event: 1.088 Thread 0x00000000170a2000 Uncommon trap: reason=unstable_if action=reinterpret pc=0x00000000035c15a0 method=com.android.dx.rop.code.RegisterSpecSet.put(Lcom/android/dx/rop/code/RegisterSpec;)V @ 77
Event: 1.114 Thread 0x00000000170a5800 Uncommon trap: reason=bimorphic action=maybe_recompile pc=0x00000000034da4e8 method=java.util.HashMap.getNode(ILjava/lang/Object;)Ljava/util/HashMap$Node; @ 126
Event: 1.209 Thread 0x00000000170a3000 Uncommon trap: reason=class_check action=maybe_recompile pc=0x00000000036773e8 method=java.util.Arrays.hashCode([Ljava/lang/Object;)I @ 43
Event: 1.209 Thread 0x00000000170a3000 Uncommon trap: reason=class_check action=maybe_recompile pc=0x00000000036773e8 method=java.util.Arrays.hashCode([Ljava/lang/Object;)I @ 43
Event: 1.210 Thread 0x00000000170a3000 Uncommon trap: reason=class_check action=maybe_recompile pc=0x00000000036773e8 method=java.util.Arrays.hashCode([Ljava/lang/Object;)I @ 43
Event: 1.210 Thread 0x00000000170a3000 Uncommon trap: reason=class_check action=maybe_recompile pc=0x00000000036773e8 method=java.util.Arrays.hashCode([Ljava/lang/Object;)I @ 43
Event: 1.212 Thread 0x00000000170a3000 Uncommon trap: reason=unstable_if action=reinterpret pc=0x000000000369ee98 method=java.util.HashMap.putVal(ILjava/lang/Object;Ljava/lang/Object;ZZ)Ljava/lang/Object; @ 94
Event: 1.222 Thread 0x00000000170a3000 Uncommon trap: reason=bimorphic action=maybe_recompile pc=0x00000000034da4e8 method=java.util.HashMap.getNode(ILjava/lang/Object;)Ljava/util/HashMap$Node; @ 126
Event: 1.222 Thread 0x00000000170a3000 Uncommon trap: reason=bimorphic action=maybe_recompile pc=0x00000000034da4e8 method=java.util.HashMap.getNode(ILjava/lang/Object;)Ljava/util/HashMap$Node; @ 126

Internal exceptions (3 events):
Event: 0.028 Thread 0x0000000002c80800 Exception <a 'java/lang/NoSuchMethodError': Method sun.misc.Unsafe.defineClass(Ljava/lang/String;[BII)Ljava/lang/Class; name or signature does not match> (0x00000000eab07cc0) thrown at [C:\src\android\AOSP-openjdk\external\jetbrains\jdk\hotspot\src\share\v¸≠Ï‰H∂ú?
Event: 0.028 Thread 0x0000000002c80800 Exception <a 'java/lang/NoSuchMethodError': Method sun.misc.Unsafe.prefetchRead(Ljava/lang/Object;J)V name or signature does not match> (0x00000000eab07fa8) thrown at [C:\src\android\AOSP-openjdk\external\jetbrains\jdk\hotspot\src\share\vm\prims\jni.cpp, lâVPçÊ*Ò?
Event: 1.073 Thread 0x000000001717a800 Implicit null exception at 0x000000000350d962 to 0x000000000350da5a

Events (10 events):
Event: 1.229 loading class com/android/dx/dex/code/LocalList$Entry
Event: 1.229 loading class com/android/dx/dex/code/LocalList$Entry done
Event: 1.230 loading class com/android/dx/rop/code/RegisterSpecList$Expander
Event: 1.230 loading class com/android/dx/rop/code/RegisterSpecList$Expander done
Event: 1.242 loading class com/android/dx/dex/code/CatchHandlerList$Entry
Event: 1.242 loading class com/android/dx/dex/code/CatchHandlerList$Entry done
Event: 1.242 loading class com/android/dx/dex/code/CatchTable$Entry
Event: 1.242 loading class com/android/dx/dex/code/CatchTable$Entry done
Event: 1.242 loading class com/android/dx/util/ByteArrayAnnotatedOutput
Event: 1.242 loading class com/android/dx/util/ByteArrayAnnotatedOutput done


Dynamic libraries:
0x00007ff7f4270000 - 0x00007ff7f42a1000 	F:\Android studio\jre\bin\java.exe
0x00007ffefd110000 - 0x00007ffefd2eb000 	C:\WINDOWS\SYSTEM32\ntdll.dll
0x00007ffefaf50000 - 0x00007ffefaffe000 	C:\WINDOWS\System32\KERNEL32.DLL
0x00007ffefa420000 - 0x00007ffefa669000 	C:\WINDOWS\System32\KERNELBASE.dll
0x00007ffefa6d0000 - 0x00007ffefa771000 	C:\WINDOWS\System32\ADVAPI32.dll
0x00007ffefa9e0000 - 0x00007ffefaa7d000 	C:\WINDOWS\System32\msvcrt.dll
0x00007ffefc940000 - 0x00007ffefc999000 	C:\WINDOWS\System32\sechost.dll
0x00007ffefced0000 - 0x00007ffefcff5000 	C:\WINDOWS\System32\RPCRT4.dll
0x00007ffefcca0000 - 0x00007ffefcdea000 	C:\WINDOWS\System32\USER32.dll
0x00007ffef9780000 - 0x00007ffef979e000 	C:\WINDOWS\System32\win32u.dll
0x00007ffefb000000 - 0x00007ffefb027000 	C:\WINDOWS\System32\GDI32.dll
0x00007ffefa290000 - 0x00007ffefa418000 	C:\WINDOWS\System32\gdi32full.dll
0x00007ffef9f50000 - 0x00007ffef9fea000 	C:\WINDOWS\System32\msvcp_win.dll
0x00007ffef9630000 - 0x00007ffef9726000 	C:\WINDOWS\System32\ucrtbase.dll
0x00007ffee6d10000 - 0x00007ffee6f77000 	C:\WINDOWS\WinSxS\amd64_microsoft.windows.common-controls_6595b64144ccf1df_6.0.15063.0_none_108e4f62dfe5d999\COMCTL32.dll
0x00007ffefc9a0000 - 0x00007ffefcc99000 	C:\WINDOWS\System32\combase.dll
0x00007ffefa220000 - 0x00007ffefa28a000 	C:\WINDOWS\System32\bcryptPrimitives.dll
0x00007ffefcea0000 - 0x00007ffefcecd000 	C:\WINDOWS\System32\IMM32.DLL
0x00007ffee0480000 - 0x00007ffee04f4000 	C:\Program Files\BLDBaseService\BLDBaseService64.dll
0x00007ffefb290000 - 0x00007ffefc6c7000 	C:\WINDOWS\System32\SHELL32.dll
0x00007ffef9730000 - 0x00007ffef9779000 	C:\WINDOWS\System32\cfgmgr32.dll
0x00007ffefcdf0000 - 0x00007ffefce9a000 	C:\WINDOWS\System32\shcore.dll
0x00007ffef97a0000 - 0x00007ffef9e92000 	C:\WINDOWS\System32\windows.storage.dll
0x00007ffefa670000 - 0x00007ffefa6c1000 	C:\WINDOWS\System32\shlwapi.dll
0x00007ffef9580000 - 0x00007ffef9591000 	C:\WINDOWS\System32\kernel.appcore.dll
0x00007ffef95c0000 - 0x00007ffef960c000 	C:\WINDOWS\System32\powrprof.dll
0x00007ffef95a0000 - 0x00007ffef95b5000 	C:\WINDOWS\System32\profapi.dll
0x00007ffefb030000 - 0x00007ffefb175000 	C:\WINDOWS\System32\ole32.dll
0x00007ffefa920000 - 0x00007ffefa9e0000 	C:\WINDOWS\System32\OLEAUT32.dll
0x00007ffefaee0000 - 0x00007ffefaf4c000 	C:\WINDOWS\System32\WS2_32.dll
0x00007ffef0190000 - 0x00007ffef04be000 	C:\WINDOWS\SYSTEM32\WININET.dll
0x00007ffef8c30000 - 0x00007ffef8c67000 	C:\WINDOWS\SYSTEM32\IPHLPAPI.DLL
0x00007ffeef020000 - 0x00007ffeef1e8000 	C:\WINDOWS\SYSTEM32\urlmon.dll
0x00007ffeed7d0000 - 0x00007ffeed7e7000 	C:\WINDOWS\SYSTEM32\NETAPI32.dll
0x00007ffeeed90000 - 0x00007ffeef016000 	C:\WINDOWS\SYSTEM32\iertutil.dll
0x00007ffef9050000 - 0x00007ffef905b000 	C:\WINDOWS\SYSTEM32\CRYPTBASE.DLL
0x00007ffee0300000 - 0x00007ffee044a000 	C:\Program Files (x86)\HomeSafe\homesafe64.dll
0x0000000064bc0000 - 0x0000000064c92000 	F:\Android studio\jre\jre\bin\msvcr100.dll
0x0000000064ca0000 - 0x00000000654d4000 	F:\Android studio\jre\jre\bin\server\jvm.dll
0x00007ffefd060000 - 0x00007ffefd068000 	C:\WINDOWS\System32\PSAPI.DLL
0x00007ffeed860000 - 0x00007ffeed869000 	C:\WINDOWS\SYSTEM32\WSOCK32.dll
0x00007ffef3110000 - 0x00007ffef3133000 	C:\WINDOWS\SYSTEM32\WINMM.dll
0x00007ffeeff80000 - 0x00007ffeeff8a000 	C:\WINDOWS\SYSTEM32\VERSION.dll
0x00007ffef2f80000 - 0x00007ffef2fab000 	C:\WINDOWS\SYSTEM32\WINMMBASE.dll
0x00007ffee4b20000 - 0x00007ffee4b2f000 	F:\Android studio\jre\jre\bin\verify.dll
0x00007ffee2a60000 - 0x00007ffee2a89000 	F:\Android studio\jre\jre\bin\java.dll
0x00007ffee2a40000 - 0x00007ffee2a56000 	F:\Android studio\jre\jre\bin\zip.dll

VM Arguments:
jvm_args: -Djava.awt.headless=true -Xmx1024M -Dfile.encoding=GBK -Duser.country=CN -Duser.language=zh -Duser.variant 
java_command: com.android.dx.command.Main --dex --verbose --force-jumbo --num-threads=4 --multi-dex --output E:\test\TextInputLayout-master\app\build\intermediates\transforms\dex\debug\folders\1000\10\com.android.support-support-vector-drawable-24.0.0_795137045af850a64ba721d4a517da762e9b113f E:\test\TextInputLayout-master\app\build\intermediates\exploded-aar\com.android.support\support-vector-drawable\24.0.0\jars\classes.jar
java_class_path (initial): F:\SDK\SDK4_2\sdk\build-tools\24.0.0\lib\dx.jar
Launcher Type: SUN_STANDARD

Environment Variables:
JAVA_HOME=F:\Java\jdk1.8.0_40
CLASSPATH=.;F:\Java\jdk1.8.0_40\lib;F:\Java\jdk1.8.0_40\lib\tools.jar
PATH=C:\WINDOWS\system32;C:\WINDOWS;C:\WINDOWS\System32\Wbem;C:\WINDOWS\System32\WindowsPowerShell\v1.0\;C:\Program Files\Intel\WiFi\bin\;C:\Program Files\Common Files\Intel\WirelessCommon\;F:\Java\jdk1.8.0_40\bin;F:\Java\jdk1.8.0_40\jre\bin;F:\SDK\SDK4_2\sdk\tools;F:\SDK\SDK4_2\sdk\platform-tools;D:\SVN\bin;C:\Program Files\Intel\WiFi\bin\;C:\Program Files\Common Files\Intel\WirelessCommon\;%USERPROFILE%\AppData\Local\Microsoft\WindowsApps;
USERNAME=jin
OS=Windows_NT
PROCESSOR_IDENTIFIER=Intel64 Family 6 Model 94 Stepping 3, GenuineIntel



---------------  S Y S T E M  ---------------

OS: Windows 10.0 , 64 bit Build 15063 (10.0.15063.296)

CPU:total 4 (4 cores per cpu, 1 threads per core) family 6 model 94 stepping 3, cmov, cx8, fxsr, mmx, sse, sse2, sse3, ssse3, sse4.1, sse4.2, popcnt, avx, avx2, aes, clmul, erms, rtm, 3dnowpref, lzcnt, tsc, tscinvbit, bmi1, bmi2, adx

Memory: 4k page, physical 8295284k(554472k free), swap 14849136k(5684k free)

vm_info: OpenJDK 64-Bit Server VM (25.76-b03) for windows-amd64 JRE (1.8.0_76-release-b03), built on Jun 29 2016 19:09:20 by "ralucas" with MS VC++ 10.0 (VS2010)

time: Fri Jun 16 20:18:35 2017
elapsed time: 1 seconds (0d 0h 0m 1s)

