#
# There is insufficient memory for the Java Runtime Environment to continue.
# Native memory allocation (malloc) failed to allocate 208976 bytes for Chunk::new
# Possible reasons:
#   The system is out of physical RAM or swap space
#   In 32 bit mode, the process size limit was hit
# Possible solutions:
#   Reduce memory load on the system
#   Increase physical memory or swap space
#   Check if swap backing store is full
#   Use 64 bit Java on a 64 bit OS
#   Decrease Java heap size (-Xmx/-Xms)
#   Decrease number of Java threads
#   Decrease Java thread stack sizes (-Xss)
#   Set larger code cache with -XX:ReservedCodeCacheSize=
# This output file may be truncated or incomplete.
#
#  Out of Memory Error (allocation.cpp:390), pid=22652, tid=0x00000000000065e8
#
# JRE version: OpenJDK Runtime Environment (8.0_76-b03) (build 1.8.0_76-release-b03)
# Java VM: OpenJDK 64-Bit Server VM (25.76-b03 mixed mode windows-amd64 compressed oops)
# Failed to write core dump. Minidumps are not enabled by default on client versions of Windows
#

---------------  T H R E A D  ---------------

Current thread (0x000000000364b000):  JavaThread "C2 CompilerThread1" daemon [_thread_in_native, id=26088, stack(0x00000000173a0000,0x00000000174a0000)]

Stack: [0x00000000173a0000,0x00000000174a0000]
[error occurred during error reporting (printing stack bounds), id 0xc0000005]

Native frames: (J=compiled Java code, j=interpreted, Vv=VM code, C=native code)


Current CompileTask:
C2:   2091 1259       4       com.android.dx.ssa.back.LivenessAnalyzer::run (231 bytes)


---------------  P R O C E S S  ---------------

Java Threads: ( => current thread )
  0x0000000017636000 JavaThread "pool-2-thread-4" [_thread_blocked, id=23516, stack(0x0000000017fa0000,0x00000000180a0000)]
  0x000000001761b000 JavaThread "pool-2-thread-3" [_thread_blocked, id=19512, stack(0x0000000017ea0000,0x0000000017fa0000)]
  0x0000000017616800 JavaThread "pool-2-thread-2" [_thread_blocked, id=33164, stack(0x0000000017da0000,0x0000000017ea0000)]
  0x0000000017612800 JavaThread "pool-3-thread-1" [_thread_blocked, id=15096, stack(0x0000000017ca0000,0x0000000017da0000)]
  0x0000000017612000 JavaThread "pool-2-thread-1" [_thread_blocked, id=7460, stack(0x0000000017ba0000,0x0000000017ca0000)]
  0x0000000017503000 JavaThread "Service Thread" daemon [_thread_blocked, id=21556, stack(0x00000000179a0000,0x0000000017aa0000)]
  0x0000000017500800 JavaThread "C1 CompilerThread2" daemon [_thread_blocked, id=25524, stack(0x00000000178a0000,0x00000000179a0000)]
=>0x000000000364b000 JavaThread "C2 CompilerThread1" daemon [_thread_in_native, id=26088, stack(0x00000000173a0000,0x00000000174a0000)]
  0x0000000015d7d000 JavaThread "C2 CompilerThread0" daemon [_thread_in_native, id=24636, stack(0x00000000172a0000,0x00000000173a0000)]
  0x0000000015d7c000 JavaThread "Attach Listener" daemon [_thread_blocked, id=15500, stack(0x00000000171a0000,0x00000000172a0000)]
  0x0000000015d7b000 JavaThread "Signal Dispatcher" daemon [_thread_blocked, id=17040, stack(0x00000000170a0000,0x00000000171a0000)]
  0x0000000015d08800 JavaThread "Finalizer" daemon [_thread_blocked, id=4700, stack(0x0000000016fa0000,0x00000000170a0000)]
  0x000000000363f000 JavaThread "Reference Handler" daemon [_thread_blocked, id=29324, stack(0x0000000016ea0000,0x0000000016fa0000)]
  0x0000000003550800 JavaThread "main" [_thread_in_Java, id=24032, stack(0x00000000033f0000,0x00000000034f0000)]

Other Threads:
  0x0000000015ce5000 VMThread [stack: 0x0000000016da0000,0x0000000016ea0000] [id=21152]
  0x0000000017505800 WatcherThread [stack: 0x0000000017aa0000,0x0000000017ba0000] [id=37344]

VM state:not at safepoint (normal execution)

VM Mutex/Monitor currently owned by a thread: None

Heap:
 PSYoungGen      total 38400K, used 7741K [0x00000000eab00000, 0x00000000ef600000, 0x0000000100000000)
  eden space 33280K, 7% used [0x00000000eab00000,0x00000000ead938e8,0x00000000ecb80000)
  from space 5120K, 99% used [0x00000000ecb80000,0x00000000ed07bcb8,0x00000000ed080000)
  to   space 5120K, 0% used [0x00000000ef100000,0x00000000ef100000,0x00000000ef600000)
 ParOldGen       total 87552K, used 1052K [0x00000000c0000000, 0x00000000c5580000, 0x00000000eab00000)
  object space 87552K, 1% used [0x00000000c0000000,0x00000000c0107248,0x00000000c5580000)
 Metaspace       used 5906K, capacity 6832K, committed 7040K, reserved 1056768K
  class space    used 575K, capacity 616K, committed 640K, reserved 1048576K

Card table byte_map: [0x0000000012a10000,0x0000000012c20000] byte_map_base: 0x0000000012410000

Marking Bits: (ParMarkBitMap*) 0x0000000065459d00
 Begin Bits: [0x0000000013180000, 0x0000000014180000)
 End Bits:   [0x0000000014180000, 0x0000000015180000)

Polling page: 0x0000000001440000

CodeCache: size=245760Kb used=5145Kb max_used=5154Kb free=240614Kb
 bounds [0x0000000003650000, 0x0000000003b60000, 0x0000000012650000]
 total_blobs=1537 nmethods=1267 adapters=184
 compilation: enabled

Compilation events (10 events):
Event: 2.066 Thread 0x0000000015d7d000 nmethod 1264 0x0000000003b5b690 code [0x0000000003b5b7e0, 0x0000000003b5b998]
Event: 2.067 Thread 0x0000000017500800 1265       3       com.android.dx.rop.code.RegisterSpecList::getType (12 bytes)
Event: 2.068 Thread 0x0000000017500800 nmethod 1265 0x0000000003b5acd0 code [0x0000000003b5ae60, 0x0000000003b5b4b8]
Event: 2.069 Thread 0x0000000015d7d000 1266       4       com.android.dx.rop.code.RegisterSpec::<init> (8 bytes)
Event: 2.070 Thread 0x0000000015d7d000 nmethod 1266 0x0000000003b594d0 code [0x0000000003b59600, 0x0000000003b596d8]
Event: 2.070 Thread 0x0000000015d7d000 1267       4       com.android.dx.rop.code.RegisterSpec::<init> (48 bytes)
Event: 2.071 Thread 0x0000000015d7d000 nmethod 1267 0x0000000003b59210 code [0x0000000003b59340, 0x0000000003b59418]
Event: 2.071 Thread 0x0000000017500800 1268       3       java.lang.Integer::valueOf (32 bytes)
Event: 2.072 Thread 0x0000000017500800 nmethod 1268 0x0000000003b58b90 code [0x0000000003b58d00, 0x0000000003b59050]
Event: 2.072 Thread 0x0000000015d7d000 1269       4       com.android.dx.ssa.SsaMethod::computeReachability (131 bytes)

GC Heap History (2 events):
Event: 2.028 GC heap before
{Heap before GC invocations=1 (full 0):
 PSYoungGen      total 38400K, used 33280K [0x00000000eab00000, 0x00000000ed580000, 0x0000000100000000)
  eden space 33280K, 100% used [0x00000000eab00000,0x00000000ecb80000,0x00000000ecb80000)
  from space 5120K, 0% used [0x00000000ed080000,0x00000000ed080000,0x00000000ed580000)
  to   space 5120K, 0% used [0x00000000ecb80000,0x00000000ecb80000,0x00000000ed080000)
 ParOldGen       total 87552K, used 0K [0x00000000c0000000, 0x00000000c5580000, 0x00000000eab00000)
  object space 87552K, 0% used [0x00000000c0000000,0x00000000c0000000,0x00000000c5580000)
 Metaspace       used 5892K, capacity 6832K, committed 7040K, reserved 1056768K
  class space    used 575K, capacity 616K, committed 640K, reserved 1048576K
Event: 2.054 GC heap after
Heap after GC invocations=1 (full 0):
 PSYoungGen      total 38400K, used 5103K [0x00000000eab00000, 0x00000000ef600000, 0x0000000100000000)
  eden space 33280K, 0% used [0x00000000eab00000,0x00000000eab00000,0x00000000ecb80000)
  from space 5120K, 99% used [0x00000000ecb80000,0x00000000ed07bcb8,0x00000000ed080000)
  to   space 5120K, 0% used [0x00000000ef100000,0x00000000ef100000,0x00000000ef600000)
 ParOldGen       total 87552K, used 1052K [0x00000000c0000000, 0x00000000c5580000, 0x00000000eab00000)
  object space 87552K, 1% used [0x00000000c0000000,0x00000000c0107248,0x00000000c5580000)
 Metaspace       used 5892K, capacity 6832K, committed 7040K, reserved 1056768K
  class space    used 575K, capacity 616K, committed 640K, reserved 1048576K
}

Deoptimization events (10 events):
Event: 1.437 Thread 0x0000000017636000 Uncommon trap: reason=class_check action=maybe_recompile pc=0x0000000003a59a5c method=com.android.dx.ssa.SCCP.setLatticeValueTo(IILcom/android/dx/rop/cst/Constant;)Z @ 43
Event: 1.437 Thread 0x0000000017636000 Uncommon trap: reason=class_check action=maybe_recompile pc=0x0000000003a59a5c method=com.android.dx.ssa.SCCP.setLatticeValueTo(IILcom/android/dx/rop/cst/Constant;)Z @ 43
Event: 1.494 Thread 0x0000000017636000 Uncommon trap: reason=bimorphic action=maybe_recompile pc=0x00000000038a3268 method=java.util.HashMap.getNode(ILjava/lang/Object;)Ljava/util/HashMap$Node; @ 126
Event: 1.494 Thread 0x0000000017636000 Uncommon trap: reason=class_check action=maybe_recompile pc=0x000000000395a428 method=java.util.HashMap.putVal(ILjava/lang/Object;Ljava/lang/Object;ZZ)Ljava/lang/Object; @ 203
Event: 1.521 Thread 0x0000000017636000 Uncommon trap: reason=class_check action=maybe_recompile pc=0x0000000003a59a5c method=com.android.dx.ssa.SCCP.setLatticeValueTo(IILcom/android/dx/rop/cst/Constant;)Z @ 43
Event: 1.521 Thread 0x0000000017636000 Uncommon trap: reason=class_check action=maybe_recompile pc=0x0000000003a59a5c method=com.android.dx.ssa.SCCP.setLatticeValueTo(IILcom/android/dx/rop/cst/Constant;)Z @ 43
Event: 2.057 Thread 0x0000000003550800 Uncommon trap: reason=unstable_if action=reinterpret pc=0x0000000003af4f84 method=com.android.dx.rop.code.RegisterSpecSet.localItemToSpec(Lcom/android/dx/rop/code/LocalItem;)Lcom/android/dx/rop/code/RegisterSpec; @ 35
Event: 2.067 Thread 0x0000000003550800 Uncommon trap: reason=class_check action=maybe_recompile pc=0x0000000003ae0874 method=com.android.dx.cf.code.BytecodeArray.parseInstruction(ILcom/android/dx/cf/code/BytecodeArray$Visitor;)I @ 891
Event: 2.067 Thread 0x0000000003550800 Uncommon trap: reason=class_check action=maybe_recompile pc=0x0000000003ae0874 method=com.android.dx.cf.code.BytecodeArray.parseInstruction(ILcom/android/dx/cf/code/BytecodeArray$Visitor;)I @ 891
Event: 2.067 Thread 0x0000000003550800 Uncommon trap: reason=class_check action=maybe_recompile pc=0x0000000003ae0874 method=com.android.dx.cf.code.BytecodeArray.parseInstruction(ILcom/android/dx/cf/code/BytecodeArray$Visitor;)I @ 891

Internal exceptions (3 events):
Event: 0.051 Thread 0x0000000003550800 Exception <a 'java/lang/NoSuchMethodError': Method sun.misc.Unsafe.defineClass(Ljava/lang/String;[BII)Ljava/lang/Class; name or signature does not match> (0x00000000eab07cc0) thrown at [C:\src\android\AOSP-openjdk\external\jetbrains\jdk\hotspot\src\share\vBv@Nçì©?
Event: 0.051 Thread 0x0000000003550800 Exception <a 'java/lang/NoSuchMethodError': Method sun.misc.Unsafe.prefetchRead(Ljava/lang/Object;J)V name or signature does not match> (0x00000000eab07fa8) thrown at [C:\src\android\AOSP-openjdk\external\jetbrains\jdk\hotspot\src\share\vm\prims\jni.cpp, lEÆßEÁÈñ?
Event: 1.112 Thread 0x0000000003550800 Implicit null exception at 0x000000000396495f to 0x0000000003967ba9

Events (10 events):
Event: 2.067 Thread 0x0000000003550800 DEOPT PACKING pc=0x0000000003ae0874 sp=0x00000000034edf20
Event: 2.067 Thread 0x0000000003550800 DEOPT UNPACKING pc=0x000000000369556a sp=0x00000000034ede90 mode 2
Event: 2.067 Thread 0x0000000003550800 Uncommon trap: trap_request=0xffffffde fr.pc=0x0000000003ae0874
Event: 2.067 Thread 0x0000000003550800 DEOPT PACKING pc=0x0000000003ae0874 sp=0x00000000034edf20
Event: 2.067 Thread 0x0000000003550800 DEOPT UNPACKING pc=0x000000000369556a sp=0x00000000034ede90 mode 2
Event: 2.067 Thread 0x0000000003550800 Uncommon trap: trap_request=0xffffffde fr.pc=0x0000000003ae0874
Event: 2.067 Thread 0x0000000003550800 DEOPT PACKING pc=0x0000000003ae0874 sp=0x00000000034edf20
Event: 2.067 Thread 0x0000000003550800 DEOPT UNPACKING pc=0x000000000369556a sp=0x00000000034ede90 mode 2
Event: 2.069 loading class com/android/dx/rop/code/RegisterSpec$1
Event: 2.069 loading class com/android/dx/rop/code/RegisterSpec$1 done


Dynamic libraries:
0x00007ff7f4270000 - 0x00007ff7f42a1000 	F:\Android studio\jre\bin\java.exe
0x00007ffefd110000 - 0x00007ffefd2eb000 	C:\WINDOWS\SYSTEM32\ntdll.dll
0x00007ffefaf50000 - 0x00007ffefaffe000 	C:\WINDOWS\System32\KERNEL32.DLL
0x00007ffefa420000 - 0x00007ffefa669000 	C:\WINDOWS\System32\KERNELBASE.dll
0x00007ffefa6d0000 - 0x00007ffefa771000 	C:\WINDOWS\System32\ADVAPI32.dll
0x00007ffefa9e0000 - 0x00007ffefaa7d000 	C:\WINDOWS\System32\msvcrt.dll
0x00007ffefc940000 - 0x00007ffefc999000 	C:\WINDOWS\System32\sechost.dll
0x00007ffefced0000 - 0x00007ffefcff5000 	C:\WINDOWS\System32\RPCRT4.dll
0x00007ffefcca0000 - 0x00007ffefcdea000 	C:\WINDOWS\System32\USER32.dll
0x00007ffef9780000 - 0x00007ffef979e000 	C:\WINDOWS\System32\win32u.dll
0x00007ffefb000000 - 0x00007ffefb027000 	C:\WINDOWS\System32\GDI32.dll
0x00007ffefa290000 - 0x00007ffefa418000 	C:\WINDOWS\System32\gdi32full.dll
0x00007ffef9f50000 - 0x00007ffef9fea000 	C:\WINDOWS\System32\msvcp_win.dll
0x00007ffef9630000 - 0x00007ffef9726000 	C:\WINDOWS\System32\ucrtbase.dll
0x00007ffee6d10000 - 0x00007ffee6f77000 	C:\WINDOWS\WinSxS\amd64_microsoft.windows.common-controls_6595b64144ccf1df_6.0.15063.0_none_108e4f62dfe5d999\COMCTL32.dll
0x00007ffefc9a0000 - 0x00007ffefcc99000 	C:\WINDOWS\System32\combase.dll
0x00007ffefa220000 - 0x00007ffefa28a000 	C:\WINDOWS\System32\bcryptPrimitives.dll
0x00007ffefcea0000 - 0x00007ffefcecd000 	C:\WINDOWS\System32\IMM32.DLL
0x00007ffee0480000 - 0x00007ffee04f4000 	C:\Program Files\BLDBaseService\BLDBaseService64.dll
0x00007ffefb290000 - 0x00007ffefc6c7000 	C:\WINDOWS\System32\SHELL32.dll
0x00007ffef9730000 - 0x00007ffef9779000 	C:\WINDOWS\System32\cfgmgr32.dll
0x00007ffefcdf0000 - 0x00007ffefce9a000 	C:\WINDOWS\System32\shcore.dll
0x00007ffef97a0000 - 0x00007ffef9e92000 	C:\WINDOWS\System32\windows.storage.dll
0x00007ffefa670000 - 0x00007ffefa6c1000 	C:\WINDOWS\System32\shlwapi.dll
0x00007ffef9580000 - 0x00007ffef9591000 	C:\WINDOWS\System32\kernel.appcore.dll
0x00007ffef95c0000 - 0x00007ffef960c000 	C:\WINDOWS\System32\powrprof.dll
0x00007ffef95a0000 - 0x00007ffef95b5000 	C:\WINDOWS\System32\profapi.dll
0x00007ffefb030000 - 0x00007ffefb175000 	C:\WINDOWS\System32\ole32.dll
0x00007ffefa920000 - 0x00007ffefa9e0000 	C:\WINDOWS\System32\OLEAUT32.dll
0x00007ffefaee0000 - 0x00007ffefaf4c000 	C:\WINDOWS\System32\WS2_32.dll
0x00007ffef0190000 - 0x00007ffef04be000 	C:\WINDOWS\SYSTEM32\WININET.dll
0x00007ffef8c30000 - 0x00007ffef8c67000 	C:\WINDOWS\SYSTEM32\IPHLPAPI.DLL
0x00007ffeef020000 - 0x00007ffeef1e8000 	C:\WINDOWS\SYSTEM32\urlmon.dll
0x00007ffeed7d0000 - 0x00007ffeed7e7000 	C:\WINDOWS\SYSTEM32\NETAPI32.dll
0x00007ffeeed90000 - 0x00007ffeef016000 	C:\WINDOWS\SYSTEM32\iertutil.dll
0x00007ffef9050000 - 0x00007ffef905b000 	C:\WINDOWS\SYSTEM32\CRYPTBASE.DLL
0x00007ffee0300000 - 0x00007ffee044a000 	C:\Program Files (x86)\HomeSafe\homesafe64.dll
0x0000000064bc0000 - 0x0000000064c92000 	F:\Android studio\jre\jre\bin\msvcr100.dll
0x0000000064ca0000 - 0x00000000654d4000 	F:\Android studio\jre\jre\bin\server\jvm.dll
0x00007ffefd060000 - 0x00007ffefd068000 	C:\WINDOWS\System32\PSAPI.DLL
0x00007ffeed860000 - 0x00007ffeed869000 	C:\WINDOWS\SYSTEM32\WSOCK32.dll
0x00007ffef3110000 - 0x00007ffef3133000 	C:\WINDOWS\SYSTEM32\WINMM.dll
0x00007ffeeff80000 - 0x00007ffeeff8a000 	C:\WINDOWS\SYSTEM32\VERSION.dll
0x00007ffef2f80000 - 0x00007ffef2fab000 	C:\WINDOWS\SYSTEM32\WINMMBASE.dll
0x00007ffee4b20000 - 0x00007ffee4b2f000 	F:\Android studio\jre\jre\bin\verify.dll
0x00007ffee2a60000 - 0x00007ffee2a89000 	F:\Android studio\jre\jre\bin\java.dll
0x00007ffee2a40000 - 0x00007ffee2a56000 	F:\Android studio\jre\jre\bin\zip.dll

VM Arguments:
jvm_args: -Djava.awt.headless=true -Xmx1024M -Dfile.encoding=GBK -Duser.country=CN -Duser.language=zh -Duser.variant 
java_command: com.android.dx.command.Main --dex --verbose --force-jumbo --num-threads=4 --multi-dex --output E:\test\TextInputLayout-master\app\build\intermediates\transforms\dex\debug\folders\1000\10\instant-run_044e7321ac165081c0556d24094740fbefe50f1d E:\test\TextInputLayout-master\app\build\intermediates\incremental-runtime-classes\debug\instant-run.jar
java_class_path (initial): F:\SDK\SDK4_2\sdk\build-tools\24.0.0\lib\dx.jar
Launcher Type: SUN_STANDARD

Environment Variables:
JAVA_HOME=F:\Java\jdk1.8.0_40
CLASSPATH=.;F:\Java\jdk1.8.0_40\lib;F:\Java\jdk1.8.0_40\lib\tools.jar
PATH=C:\WINDOWS\system32;C:\WINDOWS;C:\WINDOWS\System32\Wbem;C:\WINDOWS\System32\WindowsPowerShell\v1.0\;C:\Program Files\Intel\WiFi\bin\;C:\Program Files\Common Files\Intel\WirelessCommon\;F:\Java\jdk1.8.0_40\bin;F:\Java\jdk1.8.0_40\jre\bin;F:\SDK\SDK4_2\sdk\tools;F:\SDK\SDK4_2\sdk\platform-tools;D:\SVN\bin;C:\Program Files\Intel\WiFi\bin\;C:\Program Files\Common Files\Intel\WirelessCommon\;%USERPROFILE%\AppData\Local\Microsoft\WindowsApps;
USERNAME=jin
OS=Windows_NT
PROCESSOR_IDENTIFIER=Intel64 Family 6 Model 94 Stepping 3, GenuineIntel



---------------  S Y S T E M  ---------------

OS: Windows 10.0 , 64 bit Build 15063 (10.0.15063.296)

CPU:total 4 (4 cores per cpu, 1 threads per core) family 6 model 94 stepping 3, cmov, cx8, fxsr, mmx, sse, sse2, sse3, ssse3, sse4.1, sse4.2, popcnt, avx, avx2, aes, clmul, erms, rtm, 3dnowpref, lzcnt, tsc, tscinvbit, bmi1, bmi2, adx

Memory: 4k page, physical 8295284k(766436k free), swap 14849136k(5728k free)

vm_info: OpenJDK 64-Bit Server VM (25.76-b03) for windows-amd64 JRE (1.8.0_76-release-b03), built on Jun 29 2016 19:09:20 by "ralucas" with MS VC++ 10.0 (VS2010)

time: Fri Jun 16 20:21:17 2017
elapsed time: 2 seconds (0d 0h 0m 2s)

