#
# There is insufficient memory for the Java Runtime Environment to continue.
# Native memory allocation (malloc) failed to allocate 32744 bytes for ChunkPool::allocate
# Possible reasons:
#   The system is out of physical RAM or swap space
#   In 32 bit mode, the process size limit was hit
# Possible solutions:
#   Reduce memory load on the system
#   Increase physical memory or swap space
#   Check if swap backing store is full
#   Use 64 bit Java on a 64 bit OS
#   Decrease Java heap size (-Xmx/-Xms)
#   Decrease number of Java threads
#   Decrease Java thread stack sizes (-Xss)
#   Set larger code cache with -XX:ReservedCodeCacheSize=
# This output file may be truncated or incomplete.
#
#  Out of Memory Error (allocation.cpp:273), pid=34696, tid=0x0000000000007d5c
#
# JRE version: OpenJDK Runtime Environment (8.0_76-b03) (build 1.8.0_76-release-b03)
# Java VM: OpenJDK 64-Bit Server VM (25.76-b03 mixed mode windows-amd64 compressed oops)
# Failed to write core dump. Minidumps are not enabled by default on client versions of Windows
#

---------------  T H R E A D  ---------------

Current thread (0x0000000016ab9000):  JavaThread "C1 CompilerThread2" daemon [_thread_in_native, id=32092, stack(0x0000000016f60000,0x0000000017060000)]

Stack: [0x0000000016f60000,0x0000000017060000]
[error occurred during error reporting (printing stack bounds), id 0xc0000005]

Native frames: (J=compiled Java code, j=interpreted, Vv=VM code, C=native code)


Current CompileTask:
C1:    482   31       3       java.lang.AbstractStringBuilder::append (50 bytes)


---------------  P R O C E S S  ---------------

Java Threads: ( => current thread )
  0x0000000016ac6800 JavaThread "Service Thread" daemon [_thread_blocked, id=20676, stack(0x0000000017060000,0x0000000017160000)]
=>0x0000000016ab9000 JavaThread "C1 CompilerThread2" daemon [_thread_in_native, id=32092, stack(0x0000000016f60000,0x0000000017060000)]
  0x0000000016ab6000 JavaThread "C2 CompilerThread1" daemon [_thread_blocked, id=20636, stack(0x0000000016e60000,0x0000000016f60000)]
  0x000000001546d000 JavaThread "C2 CompilerThread0" daemon [_thread_blocked, id=18712, stack(0x0000000016960000,0x0000000016a60000)]
  0x000000001546b800 JavaThread "Attach Listener" daemon [_thread_blocked, id=16656, stack(0x0000000016860000,0x0000000016960000)]
  0x0000000015420800 JavaThread "Signal Dispatcher" daemon [_thread_blocked, id=22780, stack(0x0000000016760000,0x0000000016860000)]
  0x00000000153f8800 JavaThread "Finalizer" daemon [_thread_blocked, id=10624, stack(0x0000000016660000,0x0000000016760000)]
  0x0000000002d2f000 JavaThread "Reference Handler" daemon [_thread_blocked, id=14908, stack(0x0000000016560000,0x0000000016660000)]
  0x0000000002c40800 JavaThread "main" [_thread_in_vm, id=23540, stack(0x0000000002b40000,0x0000000002c40000)]

Other Threads:
  0x00000000153d4800 VMThread [stack: 0x0000000016460000,0x0000000016560000] [id=19768]
  0x0000000016abb800 WatcherThread [stack: 0x0000000017160000,0x0000000017260000] [id=30132]

VM state:not at safepoint (normal execution)

VM Mutex/Monitor currently owned by a thread: None

Heap:
 PSYoungGen      total 38400K, used 1996K [0x00000000eab00000, 0x00000000ed580000, 0x0000000100000000)
  eden space 33280K, 6% used [0x00000000eab00000,0x00000000eacf3360,0x00000000ecb80000)
  from space 5120K, 0% used [0x00000000ed080000,0x00000000ed080000,0x00000000ed580000)
  to   space 5120K, 0% used [0x00000000ecb80000,0x00000000ecb80000,0x00000000ed080000)
 ParOldGen       total 87552K, used 0K [0x00000000c0000000, 0x00000000c5580000, 0x00000000eab00000)
  object space 87552K, 0% used [0x00000000c0000000,0x00000000c0000000,0x00000000c5580000)
 Metaspace       used 2847K, capacity 4558K, committed 4864K, reserved 1056768K
  class space    used 298K, capacity 390K, committed 512K, reserved 1048576K

Card table byte_map: [0x0000000012100000,0x0000000012310000] byte_map_base: 0x0000000011b00000

Marking Bits: (ParMarkBitMap*) 0x0000000065459d00
 Begin Bits: [0x0000000012870000, 0x0000000013870000)
 End Bits:   [0x0000000013870000, 0x0000000014870000)

Polling page: 0x00000000023b0000

CodeCache: size=245760Kb used=1104Kb max_used=1108Kb free=244655Kb
 bounds [0x0000000002d40000, 0x0000000002fb0000, 0x0000000011d40000]
 total_blobs=266 nmethods=30 adapters=151
 compilation: enabled

Compilation events (10 events):
Event: 0.447 Thread 0x0000000016ab9000 nmethod 25 0x0000000002e54950 code [0x0000000002e54aa0, 0x0000000002e54bd0]
Event: 0.450 Thread 0x0000000016ab9000   26       3       java.util.concurrent.ConcurrentHashMap::tabAt (21 bytes)
Event: 0.450 Thread 0x0000000016ab9000 nmethod 26 0x0000000002e54550 code [0x0000000002e546a0, 0x0000000002e548d0]
Event: 0.450 Thread 0x0000000016ab9000   28       3       java.lang.String::startsWith (72 bytes)
Event: 0.451 Thread 0x0000000016ab9000 nmethod 28 0x0000000002e53b10 code [0x0000000002e53c80, 0x0000000002e53fb0]
Event: 0.459 Thread 0x0000000016ab9000   29       1       java.util.ArrayList::size (5 bytes)
Event: 0.459 Thread 0x0000000016ab9000 nmethod 29 0x0000000002e53490 code [0x0000000002e535e0, 0x0000000002e536f0]
Event: 0.462 Thread 0x0000000016ab9000   30       3       java.util.HashMap::hash (20 bytes)
Event: 0.462 Thread 0x0000000016ab9000 nmethod 30 0x0000000002e53010 code [0x0000000002e53180, 0x0000000002e533c8]
Event: 0.462 Thread 0x0000000016ab9000   31       3       java.lang.AbstractStringBuilder::append (50 bytes)

GC Heap History (0 events):
No events

Deoptimization events (0 events):
No events

Internal exceptions (2 events):
Event: 0.033 Thread 0x0000000002c40800 Exception <a 'java/lang/NoSuchMethodError': Method sun.misc.Unsafe.defineClass(Ljava/lang/String;[BII)Ljava/lang/Class; name or signature does not match> (0x00000000eab07cc0) thrown at [C:\src\android\AOSP-openjdk\external\jetbrains\jdk\hotspot\src\share\vC¯ÝOø ?
Event: 0.033 Thread 0x0000000002c40800 Exception <a 'java/lang/NoSuchMethodError': Method sun.misc.Unsafe.prefetchRead(Ljava/lang/Object;J)V name or signature does not match> (0x00000000eab07fa8) thrown at [C:\src\android\AOSP-openjdk\external\jetbrains\jdk\hotspot\src\share\vm\prims\jni.cpp, l

Events (10 events):
Event: 0.451 loading class java/util/concurrent/RejectedExecutionHandler
Event: 0.451 loading class java/util/concurrent/RejectedExecutionHandler done
Event: 0.451 loading class java/util/concurrent/BlockingQueue
Event: 0.451 loading class java/util/concurrent/BlockingQueue done
Event: 0.451 loading class java/util/concurrent/ExecutorService
Event: 0.451 loading class java/util/concurrent/Executor
Event: 0.451 loading class java/util/concurrent/Executor done
Event: 0.451 loading class java/util/concurrent/ExecutorService done
Event: 0.451 loading class com/android/dx/cf/direct/ClassPathOpener$FileNameFilter
Event: 0.451 loading class com/android/dx/cf/direct/ClassPathOpener$FileNameFilter done


Dynamic libraries:
0x00007ff7f4270000 - 0x00007ff7f42a1000 	F:\Android studio\jre\bin\java.exe
0x00007ffefd110000 - 0x00007ffefd2eb000 	C:\WINDOWS\SYSTEM32\ntdll.dll
0x00007ffefaf50000 - 0x00007ffefaffe000 	C:\WINDOWS\System32\KERNEL32.DLL
0x00007ffefa420000 - 0x00007ffefa669000 	C:\WINDOWS\System32\KERNELBASE.dll
0x00007ffefa6d0000 - 0x00007ffefa771000 	C:\WINDOWS\System32\ADVAPI32.dll
0x00007ffefa9e0000 - 0x00007ffefaa7d000 	C:\WINDOWS\System32\msvcrt.dll
0x00007ffefc940000 - 0x00007ffefc999000 	C:\WINDOWS\System32\sechost.dll
0x00007ffefced0000 - 0x00007ffefcff5000 	C:\WINDOWS\System32\RPCRT4.dll
0x00007ffefcca0000 - 0x00007ffefcdea000 	C:\WINDOWS\System32\USER32.dll
0x00007ffef9780000 - 0x00007ffef979e000 	C:\WINDOWS\System32\win32u.dll
0x00007ffefb000000 - 0x00007ffefb027000 	C:\WINDOWS\System32\GDI32.dll
0x00007ffefa290000 - 0x00007ffefa418000 	C:\WINDOWS\System32\gdi32full.dll
0x00007ffef9f50000 - 0x00007ffef9fea000 	C:\WINDOWS\System32\msvcp_win.dll
0x00007ffef9630000 - 0x00007ffef9726000 	C:\WINDOWS\System32\ucrtbase.dll
0x00007ffee6d10000 - 0x00007ffee6f77000 	C:\WINDOWS\WinSxS\amd64_microsoft.windows.common-controls_6595b64144ccf1df_6.0.15063.0_none_108e4f62dfe5d999\COMCTL32.dll
0x00007ffefc9a0000 - 0x00007ffefcc99000 	C:\WINDOWS\System32\combase.dll
0x00007ffefa220000 - 0x00007ffefa28a000 	C:\WINDOWS\System32\bcryptPrimitives.dll
0x00007ffefcea0000 - 0x00007ffefcecd000 	C:\WINDOWS\System32\IMM32.DLL
0x00007ffee0480000 - 0x00007ffee04f4000 	C:\Program Files\BLDBaseService\BLDBaseService64.dll
0x00007ffefb290000 - 0x00007ffefc6c7000 	C:\WINDOWS\System32\SHELL32.dll
0x00007ffef9730000 - 0x00007ffef9779000 	C:\WINDOWS\System32\cfgmgr32.dll
0x00007ffefcdf0000 - 0x00007ffefce9a000 	C:\WINDOWS\System32\shcore.dll
0x00007ffef97a0000 - 0x00007ffef9e92000 	C:\WINDOWS\System32\windows.storage.dll
0x00007ffefa670000 - 0x00007ffefa6c1000 	C:\WINDOWS\System32\shlwapi.dll
0x00007ffef9580000 - 0x00007ffef9591000 	C:\WINDOWS\System32\kernel.appcore.dll
0x00007ffef95c0000 - 0x00007ffef960c000 	C:\WINDOWS\System32\powrprof.dll
0x00007ffef95a0000 - 0x00007ffef95b5000 	C:\WINDOWS\System32\profapi.dll
0x00007ffefb030000 - 0x00007ffefb175000 	C:\WINDOWS\System32\ole32.dll
0x00007ffefa920000 - 0x00007ffefa9e0000 	C:\WINDOWS\System32\OLEAUT32.dll
0x00007ffefaee0000 - 0x00007ffefaf4c000 	C:\WINDOWS\System32\WS2_32.dll
0x00007ffef0190000 - 0x00007ffef04be000 	C:\WINDOWS\SYSTEM32\WININET.dll
0x00007ffef8c30000 - 0x00007ffef8c67000 	C:\WINDOWS\SYSTEM32\IPHLPAPI.DLL
0x00007ffeef020000 - 0x00007ffeef1e8000 	C:\WINDOWS\SYSTEM32\urlmon.dll
0x00007ffeed7d0000 - 0x00007ffeed7e7000 	C:\WINDOWS\SYSTEM32\NETAPI32.dll
0x00007ffeeed90000 - 0x00007ffeef016000 	C:\WINDOWS\SYSTEM32\iertutil.dll
0x00007ffef9050000 - 0x00007ffef905b000 	C:\WINDOWS\SYSTEM32\CRYPTBASE.DLL
0x00007ffee0300000 - 0x00007ffee044a000 	C:\Program Files (x86)\HomeSafe\homesafe64.dll
0x0000000064bc0000 - 0x0000000064c92000 	F:\Android studio\jre\jre\bin\msvcr100.dll
0x0000000064ca0000 - 0x00000000654d4000 	F:\Android studio\jre\jre\bin\server\jvm.dll
0x00007ffefd060000 - 0x00007ffefd068000 	C:\WINDOWS\System32\PSAPI.DLL
0x00007ffeed860000 - 0x00007ffeed869000 	C:\WINDOWS\SYSTEM32\WSOCK32.dll
0x00007ffef3110000 - 0x00007ffef3133000 	C:\WINDOWS\SYSTEM32\WINMM.dll
0x00007ffeeff80000 - 0x00007ffeeff8a000 	C:\WINDOWS\SYSTEM32\VERSION.dll
0x00007ffef2f80000 - 0x00007ffef2fab000 	C:\WINDOWS\SYSTEM32\WINMMBASE.dll
0x00007ffee4b20000 - 0x00007ffee4b2f000 	F:\Android studio\jre\jre\bin\verify.dll
0x00007ffee2a60000 - 0x00007ffee2a89000 	F:\Android studio\jre\jre\bin\java.dll
0x00007ffee2a40000 - 0x00007ffee2a56000 	F:\Android studio\jre\jre\bin\zip.dll

VM Arguments:
jvm_args: -Djava.awt.headless=true -Xmx1024M -Dfile.encoding=GBK -Duser.country=CN -Duser.language=zh -Duser.variant 
java_command: com.android.dx.command.Main --dex --verbose --force-jumbo --num-threads=4 --multi-dex --output E:\test\TextInputLayout-master\app\build\intermediates\transforms\dex\debug\folders\1000\10\internal_impl-24.0.0_cc542c085c093539bcd01f2e03e09e3579e513e0 E:\test\TextInputLayout-master\app\build\intermediates\exploded-aar\com.android.support\support-v4\24.0.0\jars\libs\internal_impl-24.0.0.jar
java_class_path (initial): F:\SDK\SDK4_2\sdk\build-tools\24.0.0\lib\dx.jar
Launcher Type: SUN_STANDARD

Environment Variables:
JAVA_HOME=F:\Java\jdk1.8.0_40
CLASSPATH=.;F:\Java\jdk1.8.0_40\lib;F:\Java\jdk1.8.0_40\lib\tools.jar
PATH=C:\WINDOWS\system32;C:\WINDOWS;C:\WINDOWS\System32\Wbem;C:\WINDOWS\System32\WindowsPowerShell\v1.0\;C:\Program Files\Intel\WiFi\bin\;C:\Program Files\Common Files\Intel\WirelessCommon\;F:\Java\jdk1.8.0_40\bin;F:\Java\jdk1.8.0_40\jre\bin;F:\SDK\SDK4_2\sdk\tools;F:\SDK\SDK4_2\sdk\platform-tools;D:\SVN\bin;C:\Program Files\Intel\WiFi\bin\;C:\Program Files\Common Files\Intel\WirelessCommon\;%USERPROFILE%\AppData\Local\Microsoft\WindowsApps;
USERNAME=jin
OS=Windows_NT
PROCESSOR_IDENTIFIER=Intel64 Family 6 Model 94 Stepping 3, GenuineIntel



---------------  S Y S T E M  ---------------

OS: Windows 10.0 , 64 bit Build 15063 (10.0.15063.296)

CPU:total 4 (4 cores per cpu, 1 threads per core) family 6 model 94 stepping 3, cmov, cx8, fxsr, mmx, sse, sse2, sse3, ssse3, sse4.1, sse4.2, popcnt, avx, avx2, aes, clmul, erms, rtm, 3dnowpref, lzcnt, tsc, tscinvbit, bmi1, bmi2, adx

Memory: 4k page, physical 8295284k(678216k free), swap 14849136k(3652k free)

vm_info: OpenJDK 64-Bit Server VM (25.76-b03) for windows-amd64 JRE (1.8.0_76-release-b03), built on Jun 29 2016 19:09:20 by "ralucas" with MS VC++ 10.0 (VS2010)

time: Fri Jun 16 20:19:26 2017
elapsed time: 0 seconds (0d 0h 0m 0s)

