#
# There is insufficient memory for the Java Runtime Environment to continue.
# Native memory allocation (malloc) failed to allocate 963456 bytes for Chunk::new
# Possible reasons:
#   The system is out of physical RAM or swap space
#   In 32 bit mode, the process size limit was hit
# Possible solutions:
#   Reduce memory load on the system
#   Increase physical memory or swap space
#   Check if swap backing store is full
#   Use 64 bit Java on a 64 bit OS
#   Decrease Java heap size (-Xmx/-Xms)
#   Decrease number of Java threads
#   Decrease Java thread stack sizes (-Xss)
#   Set larger code cache with -XX:ReservedCodeCacheSize=
# This output file may be truncated or incomplete.
#
#  Out of Memory Error (allocation.cpp:390), pid=28560, tid=0x0000000000005e0c
#
# JRE version: OpenJDK Runtime Environment (8.0_76-b03) (build 1.8.0_76-release-b03)
# Java VM: OpenJDK 64-Bit Server VM (25.76-b03 mixed mode windows-amd64 compressed oops)
# Failed to write core dump. Minidumps are not enabled by default on client versions of Windows
#

---------------  T H R E A D  ---------------

Current thread (0x00000000152f7000):  JavaThread "C2 CompilerThread0" daemon [_thread_in_native, id=24076, stack(0x00000000167f0000,0x00000000168f0000)]

Stack: [0x00000000167f0000,0x00000000168f0000]
[error occurred during error reporting (printing stack bounds), id 0xc0000005]

Native frames: (J=compiled Java code, j=interpreted, Vv=VM code, C=native code)


Current CompileTask:
C2:   2731 2170   !   4       com.android.dx.cf.code.BytecodeArray::parseInstruction (2764 bytes)


---------------  P R O C E S S  ---------------

Java Threads: ( => current thread )
  0x0000000016b6d000 JavaThread "pool-2-thread-4" [_thread_blocked, id=34756, stack(0x00000000174f0000,0x00000000175f0000)]
  0x0000000016b68800 JavaThread "pool-2-thread-3" [_thread_blocked, id=36760, stack(0x00000000173f0000,0x00000000174f0000)]
  0x0000000016b67800 JavaThread "pool-2-thread-2" [_thread_blocked, id=35560, stack(0x00000000172f0000,0x00000000173f0000)]
  0x0000000016b65800 JavaThread "pool-3-thread-1" [_thread_blocked, id=38540, stack(0x00000000171f0000,0x00000000172f0000)]
  0x0000000016b62800 JavaThread "pool-2-thread-1" [_thread_in_Java, id=35632, stack(0x00000000170f0000,0x00000000171f0000)]
  0x000000001694d800 JavaThread "Service Thread" daemon [_thread_blocked, id=20796, stack(0x0000000016ef0000,0x0000000016ff0000)]
  0x0000000016948000 JavaThread "C1 CompilerThread2" daemon [_thread_blocked, id=3560, stack(0x0000000016df0000,0x0000000016ef0000)]
  0x0000000016945800 JavaThread "C2 CompilerThread1" daemon [_thread_in_native, id=26684, stack(0x0000000016cf0000,0x0000000016df0000)]
=>0x00000000152f7000 JavaThread "C2 CompilerThread0" daemon [_thread_in_native, id=24076, stack(0x00000000167f0000,0x00000000168f0000)]
  0x00000000152f6000 JavaThread "Attach Listener" daemon [_thread_blocked, id=19324, stack(0x00000000166f0000,0x00000000167f0000)]
  0x00000000152ab800 JavaThread "Signal Dispatcher" daemon [_thread_blocked, id=22244, stack(0x00000000165f0000,0x00000000166f0000)]
  0x0000000015288000 JavaThread "Finalizer" daemon [_thread_blocked, id=16740, stack(0x00000000164f0000,0x00000000165f0000)]
  0x0000000002bbf000 JavaThread "Reference Handler" daemon [_thread_blocked, id=27780, stack(0x00000000163f0000,0x00000000164f0000)]
  0x0000000002ad0800 JavaThread "main" [_thread_blocked, id=23204, stack(0x0000000002800000,0x0000000002900000)]

Other Threads:
  0x0000000015264800 VMThread [stack: 0x00000000162f0000,0x00000000163f0000] [id=32780]
  0x000000001694e800 WatcherThread [stack: 0x0000000016ff0000,0x00000000170f0000] [id=22168]

VM state:not at safepoint (normal execution)

VM Mutex/Monitor currently owned by a thread: None

Heap:
 PSYoungGen      total 150016K, used 120456K [0x00000000eab00000, 0x00000000fe600000, 0x0000000100000000)
  eden space 131072K, 77% used [0x00000000eab00000,0x00000000f0e28008,0x00000000f2b00000)
  from space 18944K, 99% used [0x00000000f2b00000,0x00000000f3d7a298,0x00000000f3d80000)
  to   space 30208K, 0% used [0x00000000fc880000,0x00000000fc880000,0x00000000fe600000)
 ParOldGen       total 87552K, used 41290K [0x00000000c0000000, 0x00000000c5580000, 0x00000000eab00000)
  object space 87552K, 47% used [0x00000000c0000000,0x00000000c2852858,0x00000000c5580000)
 Metaspace       used 6569K, capacity 7220K, committed 7296K, reserved 1056768K
  class space    used 601K, capacity 620K, committed 640K, reserved 1048576K

Card table byte_map: [0x0000000011f90000,0x00000000121a0000] byte_map_base: 0x0000000011990000

Marking Bits: (ParMarkBitMap*) 0x0000000065459d00
 Begin Bits: [0x0000000012700000, 0x0000000013700000)
 End Bits:   [0x0000000013700000, 0x0000000014700000)

Polling page: 0x0000000001fe0000

CodeCache: size=245760Kb used=8733Kb max_used=8733Kb free=237026Kb
 bounds [0x0000000002bd0000, 0x0000000003460000, 0x0000000011bd0000]
 total_blobs=2394 nmethods=2123 adapters=184
 compilation: enabled

Compilation events (10 events):
Event: 2.675 Thread 0x0000000016948000 2193 %     3       java.util.HashMap::resize @ 238 (359 bytes)
Event: 2.676 Thread 0x0000000016948000 nmethod 2193% 0x000000000343bd10 code [0x000000000343bf80, 0x000000000343d368]
Event: 2.676 Thread 0x0000000016948000 2194 %     3       java.util.HashMap::resize @ 154 (359 bytes)
Event: 2.676 Thread 0x0000000016948000 nmethod 2194% 0x0000000003439ed0 code [0x000000000343a140, 0x000000000343b448]
Event: 2.677 Thread 0x0000000016948000 2195       3       java.util.HashMap::resize (359 bytes)
Event: 2.677 Thread 0x0000000016948000 nmethod 2195 0x000000000345d710 code [0x000000000345d960, 0x000000000345eb88]
Event: 2.711 Thread 0x0000000016948000 2197       1       com.android.dx.cf.code.BaseMachine::getAuxInt (5 bytes)
Event: 2.711 Thread 0x0000000016948000 nmethod 2197 0x00000000033fed90 code [0x00000000033feee0, 0x00000000033feff0]
Event: 2.713 Thread 0x0000000016948000 2198       1       java.util.TreeMap$Entry::getKey (5 bytes)
Event: 2.713 Thread 0x0000000016948000 nmethod 2198 0x0000000003439c10 code [0x0000000003439d60, 0x0000000003439e70]

GC Heap History (10 events):
Event: 1.115 GC heap before
{Heap before GC invocations=3 (full 0):
 PSYoungGen      total 38400K, used 38392K [0x00000000eab00000, 0x00000000ef600000, 0x0000000100000000)
  eden space 33280K, 100% used [0x00000000eab00000,0x00000000ecb80000,0x00000000ecb80000)
  from space 5120K, 99% used [0x00000000ed080000,0x00000000ed57e198,0x00000000ed580000)
  to   space 5120K, 0% used [0x00000000ecb80000,0x00000000ecb80000,0x00000000ed080000)
 ParOldGen       total 87552K, used 3961K [0x00000000c0000000, 0x00000000c5580000, 0x00000000eab00000)
  object space 87552K, 4% used [0x00000000c0000000,0x00000000c03de5b8,0x00000000c5580000)
 Metaspace       used 6195K, capacity 7088K, committed 7296K, reserved 1056768K
  class space    used 583K, capacity 616K, committed 640K, reserved 1048576K
Event: 1.140 GC heap after
Heap after GC invocations=3 (full 0):
 PSYoungGen      total 38400K, used 5098K [0x00000000eab00000, 0x00000000ef600000, 0x0000000100000000)
  eden space 33280K, 0% used [0x00000000eab00000,0x00000000eab00000,0x00000000ecb80000)
  from space 5120K, 99% used [0x00000000ecb80000,0x00000000ed07a908,0x00000000ed080000)
  to   space 5120K, 0% used [0x00000000ef100000,0x00000000ef100000,0x00000000ef600000)
 ParOldGen       total 87552K, used 9573K [0x00000000c0000000, 0x00000000c5580000, 0x00000000eab00000)
  object space 87552K, 10% used [0x00000000c0000000,0x00000000c09597a0,0x00000000c5580000)
 Metaspace       used 6195K, capacity 7088K, committed 7296K, reserved 1056768K
  class space    used 583K, capacity 616K, committed 640K, reserved 1048576K
}
Event: 1.275 GC heap before
{Heap before GC invocations=4 (full 0):
 PSYoungGen      total 38400K, used 38378K [0x00000000eab00000, 0x00000000ef600000, 0x0000000100000000)
  eden space 33280K, 100% used [0x00000000eab00000,0x00000000ecb80000,0x00000000ecb80000)
  from space 5120K, 99% used [0x00000000ecb80000,0x00000000ed07a908,0x00000000ed080000)
  to   space 5120K, 0% used [0x00000000ef100000,0x00000000ef100000,0x00000000ef600000)
 ParOldGen       total 87552K, used 9573K [0x00000000c0000000, 0x00000000c5580000, 0x00000000eab00000)
  object space 87552K, 10% used [0x00000000c0000000,0x00000000c09597a0,0x00000000c5580000)
 Metaspace       used 6265K, capacity 7152K, committed 7296K, reserved 1056768K
  class space    used 583K, capacity 616K, committed 640K, reserved 1048576K
Event: 1.287 GC heap after
Heap after GC invocations=4 (full 0):
 PSYoungGen      total 71680K, used 5114K [0x00000000eab00000, 0x00000000ef600000, 0x0000000100000000)
  eden space 66560K, 0% used [0x00000000eab00000,0x00000000eab00000,0x00000000eec00000)
  from space 5120K, 99% used [0x00000000ef100000,0x00000000ef5fe918,0x00000000ef600000)
  to   space 5120K, 0% used [0x00000000eec00000,0x00000000eec00000,0x00000000ef100000)
 ParOldGen       total 87552K, used 15160K [0x00000000c0000000, 0x00000000c5580000, 0x00000000eab00000)
  object space 87552K, 17% used [0x00000000c0000000,0x00000000c0ece298,0x00000000c5580000)
 Metaspace       used 6265K, capacity 7152K, committed 7296K, reserved 1056768K
  class space    used 583K, capacity 616K, committed 640K, reserved 1048576K
}
Event: 1.571 GC heap before
{Heap before GC invocations=5 (full 0):
 PSYoungGen      total 71680K, used 71674K [0x00000000eab00000, 0x00000000ef600000, 0x0000000100000000)
  eden space 66560K, 100% used [0x00000000eab00000,0x00000000eec00000,0x00000000eec00000)
  from space 5120K, 99% used [0x00000000ef100000,0x00000000ef5fe918,0x00000000ef600000)
  to   space 5120K, 0% used [0x00000000eec00000,0x00000000eec00000,0x00000000ef100000)
 ParOldGen       total 87552K, used 15160K [0x00000000c0000000, 0x00000000c5580000, 0x00000000eab00000)
  object space 87552K, 17% used [0x00000000c0000000,0x00000000c0ece298,0x00000000c5580000)
 Metaspace       used 6340K, capacity 7152K, committed 7296K, reserved 1056768K
  class space    used 583K, capacity 616K, committed 640K, reserved 1048576K
Event: 1.601 GC heap after
Heap after GC invocations=5 (full 0):
 PSYoungGen      total 71680K, used 5114K [0x00000000eab00000, 0x00000000f4e00000, 0x0000000100000000)
  eden space 66560K, 0% used [0x00000000eab00000,0x00000000eab00000,0x00000000eec00000)
  from space 5120K, 99% used [0x00000000eec00000,0x00000000ef0fe918,0x00000000ef100000)
  to   space 16896K, 0% used [0x00000000f3d80000,0x00000000f3d80000,0x00000000f4e00000)
 ParOldGen       total 87552K, used 24767K [0x00000000c0000000, 0x00000000c5580000, 0x00000000eab00000)
  object space 87552K, 28% used [0x00000000c0000000,0x00000000c182ff90,0x00000000c5580000)
 Metaspace       used 6340K, capacity 7152K, committed 7296K, reserved 1056768K
  class space    used 583K, capacity 616K, committed 640K, reserved 1048576K
}
Event: 1.848 GC heap before
{Heap before GC invocations=6 (full 0):
 PSYoungGen      total 71680K, used 71674K [0x00000000eab00000, 0x00000000f4e00000, 0x0000000100000000)
  eden space 66560K, 100% used [0x00000000eab00000,0x00000000eec00000,0x00000000eec00000)
  from space 5120K, 99% used [0x00000000eec00000,0x00000000ef0fe918,0x00000000ef100000)
  to   space 16896K, 0% used [0x00000000f3d80000,0x00000000f3d80000,0x00000000f4e00000)
 ParOldGen       total 87552K, used 24767K [0x00000000c0000000, 0x00000000c5580000, 0x00000000eab00000)
  object space 87552K, 28% used [0x00000000c0000000,0x00000000c182ff90,0x00000000c5580000)
 Metaspace       used 6400K, capacity 7216K, committed 7296K, reserved 1056768K
  class space    used 583K, capacity 616K, committed 640K, reserved 1048576K
Event: 1.866 GC heap after
Heap after GC invocations=6 (full 0):
 PSYoungGen      total 147968K, used 15915K [0x00000000eab00000, 0x00000000f5200000, 0x0000000100000000)
  eden space 131072K, 0% used [0x00000000eab00000,0x00000000eab00000,0x00000000f2b00000)
  from space 16896K, 94% used [0x00000000f3d80000,0x00000000f4d0afd8,0x00000000f4e00000)
  to   space 18944K, 0% used [0x00000000f2b00000,0x00000000f2b00000,0x00000000f3d80000)
 ParOldGen       total 87552K, used 24775K [0x00000000c0000000, 0x00000000c5580000, 0x00000000eab00000)
  object space 87552K, 28% used [0x00000000c0000000,0x00000000c1831f90,0x00000000c5580000)
 Metaspace       used 6400K, capacity 7216K, committed 7296K, reserved 1056768K
  class space    used 583K, capacity 616K, committed 640K, reserved 1048576K
}
Event: 2.340 GC heap before
{Heap before GC invocations=7 (full 0):
 PSYoungGen      total 147968K, used 146987K [0x00000000eab00000, 0x00000000f5200000, 0x0000000100000000)
  eden space 131072K, 100% used [0x00000000eab00000,0x00000000f2b00000,0x00000000f2b00000)
  from space 16896K, 94% used [0x00000000f3d80000,0x00000000f4d0afd8,0x00000000f4e00000)
  to   space 18944K, 0% used [0x00000000f2b00000,0x00000000f2b00000,0x00000000f3d80000)
 ParOldGen       total 87552K, used 24775K [0x00000000c0000000, 0x00000000c5580000, 0x00000000eab00000)
  object space 87552K, 28% used [0x00000000c0000000,0x00000000c1831f90,0x00000000c5580000)
 Metaspace       used 6561K, capacity 7220K, committed 7296K, reserved 1056768K
  class space    used 601K, capacity 620K, committed 640K, reserved 1048576K
Event: 2.396 GC heap after
Heap after GC invocations=7 (full 0):
 PSYoungGen      total 150016K, used 18920K [0x00000000eab00000, 0x00000000fe600000, 0x0000000100000000)
  eden space 131072K, 0% used [0x00000000eab00000,0x00000000eab00000,0x00000000f2b00000)
  from space 18944K, 99% used [0x00000000f2b00000,0x00000000f3d7a298,0x00000000f3d80000)
  to   space 30208K, 0% used [0x00000000fc880000,0x00000000fc880000,0x00000000fe600000)
 ParOldGen       total 87552K, used 41290K [0x00000000c0000000, 0x00000000c5580000, 0x00000000eab00000)
  object space 87552K, 47% used [0x00000000c0000000,0x00000000c2852858,0x00000000c5580000)
 Metaspace       used 6561K, capacity 7220K, committed 7296K, reserved 1056768K
  class space    used 601K, capacity 620K, committed 640K, reserved 1048576K
}

Deoptimization events (10 events):
Event: 1.996 Thread 0x0000000016b68800 Uncommon trap: reason=bimorphic action=maybe_recompile pc=0x000000000333d6c0 method=com.android.dx.cf.code.BytecodeArray.parseInstruction(ILcom/android/dx/cf/code/BytecodeArray$Visitor;)I @ 1161
Event: 1.996 Thread 0x0000000016b68800 Uncommon trap: reason=bimorphic action=maybe_recompile pc=0x000000000333d6c0 method=com.android.dx.cf.code.BytecodeArray.parseInstruction(ILcom/android/dx/cf/code/BytecodeArray$Visitor;)I @ 1161
Event: 2.009 Thread 0x0000000016b62800 Uncommon trap: reason=unstable_if action=reinterpret pc=0x00000000032f1ee8 method=java.util.HashMap.putVal(ILjava/lang/Object;Ljava/lang/Object;ZZ)Ljava/lang/Object; @ 109
Event: 2.117 Thread 0x0000000016b68800 Uncommon trap: reason=unstable_if action=reinterpret pc=0x0000000002fcff80 method=com.android.dx.ssa.SsaMethod.getExitBlock()Lcom/android/dx/ssa/SsaBasicBlock; @ 4
Event: 2.117 Thread 0x0000000016b68800 Uncommon trap: reason=unstable_if action=reinterpret pc=0x0000000002f07834 method=com.android.dx.ssa.SsaMethod.getExitBlock()Lcom/android/dx/ssa/SsaBasicBlock; @ 4
Event: 2.483 Thread 0x0000000002ad0800 Uncommon trap: reason=bimorphic action=maybe_recompile pc=0x0000000003404444 method=com.android.dx.cf.code.BytecodeArray.parseInstruction(ILcom/android/dx/cf/code/BytecodeArray$Visitor;)I @ 1035
Event: 2.483 Thread 0x0000000002ad0800 Uncommon trap: reason=bimorphic action=maybe_recompile pc=0x0000000003404444 method=com.android.dx.cf.code.BytecodeArray.parseInstruction(ILcom/android/dx/cf/code/BytecodeArray$Visitor;)I @ 1035
Event: 2.551 Thread 0x0000000016b6d000 Uncommon trap: reason=unstable_if action=reinterpret pc=0x00000000033db444 method=com.android.dx.rop.cst.CstNat.equals(Ljava/lang/Object;)Z @ 25
Event: 2.659 Thread 0x0000000016b67800 Uncommon trap: reason=unstable_if action=reinterpret pc=0x00000000033e48a4 method=com.android.dx.rop.code.LocalVariableExtractor.processBlock(I)V @ 208
Event: 2.675 Thread 0x0000000016b6d000 Uncommon trap: reason=unstable_if action=reinterpret pc=0x00000000032f4110 method=java.util.HashMap.resize()[Ljava/util/HashMap$Node; @ 206

Internal exceptions (6 events):
Event: 0.035 Thread 0x0000000002ad0800 Exception <a 'java/lang/NoSuchMethodError': Method sun.misc.Unsafe.defineClass(Ljava/lang/String;[BII)Ljava/lang/Class; name or signature does not match> (0x00000000eab07cc0) thrown at [C:\src\android\AOSP-openjdk\external\jetbrains\jdk\hotspot\src\share\vÉ¦¾hÞÓ¡?
Event: 0.035 Thread 0x0000000002ad0800 Exception <a 'java/lang/NoSuchMethodError': Method sun.misc.Unsafe.prefetchRead(Ljava/lang/Object;J)V name or signature does not match> (0x00000000eab07fa8) thrown at [C:\src\android\AOSP-openjdk\external\jetbrains\jdk\hotspot\src\share\vm\prims\jni.cpp, l¿‹3Õõ€ü?
Event: 1.781 Thread 0x0000000016b67800 Implicit null exception at 0x000000000327d0d5 to 0x000000000327eab5
Event: 1.925 Thread 0x0000000016b62800 Exception <a 'java/lang/ArrayIndexOutOfBoundsException': 18> (0x00000000eb2d4720) thrown at [C:\src\android\AOSP-openjdk\external\jetbrains\jdk\hotspot\src\share\vm\interpreter\interpreterRuntime.cpp, line 366]
Event: 1.926 Thread 0x0000000016b62800 Exception <a 'java/lang/ArrayIndexOutOfBoundsException': 145> (0x00000000eb2d62a0) thrown at [C:\src\android\AOSP-openjdk\external\jetbrains\jdk\hotspot\src\share\vm\interpreter\interpreterRuntime.cpp, line 366]
Event: 1.926 Thread 0x0000000016b62800 Exception <a 'java/lang/ArrayIndexOutOfBoundsException'> (0x00000000eb2d7588) thrown at [C:\src\android\AOSP-openjdk\external\jetbrains\jdk\hotspot\src\share\vm\runtime\sharedRuntime.cpp, line 605]

Events (10 events):
Event: 2.483 Thread 0x0000000002ad0800 DEOPT UNPACKING pc=0x0000000002c1556a sp=0x00000000028fe008 mode 2
Event: 2.551 Thread 0x0000000016b6d000 Uncommon trap: trap_request=0xffffff65 fr.pc=0x00000000033db444
Event: 2.551 Thread 0x0000000016b6d000 DEOPT PACKING pc=0x00000000033db444 sp=0x00000000175ee220
Event: 2.551 Thread 0x0000000016b6d000 DEOPT UNPACKING pc=0x0000000002c1556a sp=0x00000000175ee140 mode 2
Event: 2.659 Thread 0x0000000016b67800 Uncommon trap: trap_request=0xffffff65 fr.pc=0x00000000033e48a4
Event: 2.659 Thread 0x0000000016b67800 DEOPT PACKING pc=0x00000000033e48a4 sp=0x00000000173ef060
Event: 2.659 Thread 0x0000000016b67800 DEOPT UNPACKING pc=0x0000000002c1556a sp=0x00000000173ef048 mode 2
Event: 2.675 Thread 0x0000000016b6d000 Uncommon trap: trap_request=0xffffff65 fr.pc=0x00000000032f4110
Event: 2.675 Thread 0x0000000016b6d000 DEOPT PACKING pc=0x00000000032f4110 sp=0x00000000175ee600
Event: 2.675 Thread 0x0000000016b6d000 DEOPT UNPACKING pc=0x0000000002c1556a sp=0x00000000175ee568 mode 2


Dynamic libraries:
0x00007ff7f4270000 - 0x00007ff7f42a1000 	F:\Android studio\jre\bin\java.exe
0x00007ffefd110000 - 0x00007ffefd2eb000 	C:\WINDOWS\SYSTEM32\ntdll.dll
0x00007ffefaf50000 - 0x00007ffefaffe000 	C:\WINDOWS\System32\KERNEL32.DLL
0x00007ffefa420000 - 0x00007ffefa669000 	C:\WINDOWS\System32\KERNELBASE.dll
0x00007ffefa6d0000 - 0x00007ffefa771000 	C:\WINDOWS\System32\ADVAPI32.dll
0x00007ffefa9e0000 - 0x00007ffefaa7d000 	C:\WINDOWS\System32\msvcrt.dll
0x00007ffefc940000 - 0x00007ffefc999000 	C:\WINDOWS\System32\sechost.dll
0x00007ffefced0000 - 0x00007ffefcff5000 	C:\WINDOWS\System32\RPCRT4.dll
0x00007ffefcca0000 - 0x00007ffefcdea000 	C:\WINDOWS\System32\USER32.dll
0x00007ffef9780000 - 0x00007ffef979e000 	C:\WINDOWS\System32\win32u.dll
0x00007ffefb000000 - 0x00007ffefb027000 	C:\WINDOWS\System32\GDI32.dll
0x00007ffefa290000 - 0x00007ffefa418000 	C:\WINDOWS\System32\gdi32full.dll
0x00007ffef9f50000 - 0x00007ffef9fea000 	C:\WINDOWS\System32\msvcp_win.dll
0x00007ffef9630000 - 0x00007ffef9726000 	C:\WINDOWS\System32\ucrtbase.dll
0x00007ffee6d10000 - 0x00007ffee6f77000 	C:\WINDOWS\WinSxS\amd64_microsoft.windows.common-controls_6595b64144ccf1df_6.0.15063.0_none_108e4f62dfe5d999\COMCTL32.dll
0x00007ffefc9a0000 - 0x00007ffefcc99000 	C:\WINDOWS\System32\combase.dll
0x00007ffefa220000 - 0x00007ffefa28a000 	C:\WINDOWS\System32\bcryptPrimitives.dll
0x00007ffee0480000 - 0x00007ffee04f4000 	C:\Program Files\BLDBaseService\BLDBaseService64.dll
0x00007ffefb290000 - 0x00007ffefc6c7000 	C:\WINDOWS\System32\SHELL32.dll
0x00007ffef9730000 - 0x00007ffef9779000 	C:\WINDOWS\System32\cfgmgr32.dll
0x00007ffefcdf0000 - 0x00007ffefce9a000 	C:\WINDOWS\System32\shcore.dll
0x00007ffef97a0000 - 0x00007ffef9e92000 	C:\WINDOWS\System32\windows.storage.dll
0x00007ffefa670000 - 0x00007ffefa6c1000 	C:\WINDOWS\System32\shlwapi.dll
0x00007ffef9580000 - 0x00007ffef9591000 	C:\WINDOWS\System32\kernel.appcore.dll
0x00007ffef95c0000 - 0x00007ffef960c000 	C:\WINDOWS\System32\powrprof.dll
0x00007ffef95a0000 - 0x00007ffef95b5000 	C:\WINDOWS\System32\profapi.dll
0x00007ffefb030000 - 0x00007ffefb175000 	C:\WINDOWS\System32\ole32.dll
0x00007ffefa920000 - 0x00007ffefa9e0000 	C:\WINDOWS\System32\OLEAUT32.dll
0x00007ffefaee0000 - 0x00007ffefaf4c000 	C:\WINDOWS\System32\WS2_32.dll
0x00007ffef0190000 - 0x00007ffef04be000 	C:\WINDOWS\SYSTEM32\WININET.dll
0x00007ffef8c30000 - 0x00007ffef8c67000 	C:\WINDOWS\SYSTEM32\IPHLPAPI.DLL
0x00007ffeef020000 - 0x00007ffeef1e8000 	C:\WINDOWS\SYSTEM32\urlmon.dll
0x00007ffeed7d0000 - 0x00007ffeed7e7000 	C:\WINDOWS\SYSTEM32\NETAPI32.dll
0x00007ffeeed90000 - 0x00007ffeef016000 	C:\WINDOWS\SYSTEM32\iertutil.dll
0x00007ffef9050000 - 0x00007ffef905b000 	C:\WINDOWS\SYSTEM32\CRYPTBASE.DLL
0x00007ffefcea0000 - 0x00007ffefcecd000 	C:\WINDOWS\System32\IMM32.DLL
0x00007ffee0300000 - 0x00007ffee044a000 	C:\Program Files (x86)\HomeSafe\homesafe64.dll
0x0000000064bc0000 - 0x0000000064c92000 	F:\Android studio\jre\jre\bin\msvcr100.dll
0x0000000064ca0000 - 0x00000000654d4000 	F:\Android studio\jre\jre\bin\server\jvm.dll
0x00007ffefd060000 - 0x00007ffefd068000 	C:\WINDOWS\System32\PSAPI.DLL
0x00007ffeed860000 - 0x00007ffeed869000 	C:\WINDOWS\SYSTEM32\WSOCK32.dll
0x00007ffef3110000 - 0x00007ffef3133000 	C:\WINDOWS\SYSTEM32\WINMM.dll
0x00007ffeeff80000 - 0x00007ffeeff8a000 	C:\WINDOWS\SYSTEM32\VERSION.dll
0x00007ffef2f80000 - 0x00007ffef2fab000 	C:\WINDOWS\SYSTEM32\WINMMBASE.dll
0x00007ffee4b20000 - 0x00007ffee4b2f000 	F:\Android studio\jre\jre\bin\verify.dll
0x00007ffee2a60000 - 0x00007ffee2a89000 	F:\Android studio\jre\jre\bin\java.dll
0x00007ffee2a40000 - 0x00007ffee2a56000 	F:\Android studio\jre\jre\bin\zip.dll

VM Arguments:
jvm_args: -Djava.awt.headless=true -Xmx1024M -Dfile.encoding=GBK -Duser.country=CN -Duser.language=zh -Duser.variant 
java_command: com.android.dx.command.Main --dex --verbose --force-jumbo --num-threads=4 --multi-dex --output E:\test\TextInputLayout-master\app\build\intermediates\transforms\dex\debug\folders\1000\10\com.android.support-support-v4-24.0.0_aaea42a528de164a9d26f8a1242ec0f29c7c322c E:\test\TextInputLayout-master\app\build\intermediates\exploded-aar\com.android.support\support-v4\24.0.0\jars\classes.jar
java_class_path (initial): F:\SDK\SDK4_2\sdk\build-tools\24.0.0\lib\dx.jar
Launcher Type: SUN_STANDARD

Environment Variables:
JAVA_HOME=F:\Java\jdk1.8.0_40
CLASSPATH=.;F:\Java\jdk1.8.0_40\lib;F:\Java\jdk1.8.0_40\lib\tools.jar
PATH=C:\WINDOWS\system32;C:\WINDOWS;C:\WINDOWS\System32\Wbem;C:\WINDOWS\System32\WindowsPowerShell\v1.0\;C:\Program Files\Intel\WiFi\bin\;C:\Program Files\Common Files\Intel\WirelessCommon\;F:\Java\jdk1.8.0_40\bin;F:\Java\jdk1.8.0_40\jre\bin;F:\SDK\SDK4_2\sdk\tools;F:\SDK\SDK4_2\sdk\platform-tools;D:\SVN\bin;C:\Program Files\Intel\WiFi\bin\;C:\Program Files\Common Files\Intel\WirelessCommon\;%USERPROFILE%\AppData\Local\Microsoft\WindowsApps;
USERNAME=jin
OS=Windows_NT
PROCESSOR_IDENTIFIER=Intel64 Family 6 Model 94 Stepping 3, GenuineIntel



---------------  S Y S T E M  ---------------

OS: Windows 10.0 , 64 bit Build 15063 (10.0.15063.296)

CPU:total 4 (4 cores per cpu, 1 threads per core) family 6 model 94 stepping 3, cmov, cx8, fxsr, mmx, sse, sse2, sse3, ssse3, sse4.1, sse4.2, popcnt, avx, avx2, aes, clmul, erms, rtm, 3dnowpref, lzcnt, tsc, tscinvbit, bmi1, bmi2, adx

Memory: 4k page, physical 8295284k(690124k free), swap 14849136k(5972k free)

vm_info: OpenJDK 64-Bit Server VM (25.76-b03) for windows-amd64 JRE (1.8.0_76-release-b03), built on Jun 29 2016 19:09:20 by "ralucas" with MS VC++ 10.0 (VS2010)

time: Fri Jun 16 20:22:15 2017
elapsed time: 2 seconds (0d 0h 0m 2s)

